2022-03-23 09:37:09.114[info] app start
2022-03-23 09:37:09.391[info] DB connection success
2022-03-23 09:37:09.438[info] Sequelize sync success
2022-03-23 09:37:59.813[info] app start
2022-03-23 09:38:00.138[info] DB connection success
2022-03-23 09:38:00.196[info] Sequelize sync success
2022-03-23 09:42:54.271[info] app start
2022-03-23 09:42:54.536[info] DB connection success
2022-03-23 09:42:54.592[info] Sequelize sync success
2022-03-23 09:51:28.250[info] app start
2022-03-23 09:51:28.543[info] DB connection success
2022-03-23 09:51:28.600[info] Sequelize sync success
2022-03-23 10:03:48.383[info] app start
2022-03-23 10:03:48.616[info] DB connection success
2022-03-23 10:03:48.668[info] Sequelize sync success
2022-03-23 10:10:08.786[info] app start
2022-03-23 10:10:09.049[info] DB connection success
2022-03-23 10:10:09.109[info] Sequelize sync success
2022-03-23 10:10:13.919[info] (image.reg.params) {"imageId":"","filename":"afa527c54ab91eab43908e8f94b9750b","mimetype":"image/jpeg","path":"uploads\\afa527c54ab91eab43908e8f94b9750b","size":88372}
2022-03-23 10:10:13.940[debug] (imageService.reg) {"id":1,"postId":null,"imageId":"","updatedAt":"2022-03-23T01:10:13.923Z","createdAt":"2022-03-23T01:10:13.923Z","subId":null,"imageName":null,"vedeoName":null,"deletedAt":null}
2022-03-23 10:10:13.942[info] (image.reg.result) {"id":1,"postId":null,"imageId":"","updatedAt":"2022-03-23T01:10:13.923Z","createdAt":"2022-03-23T01:10:13.923Z","subId":null,"imageName":null,"vedeoName":null,"deletedAt":null}
2022-03-23 10:20:36.778[info] (image.list.params) {}
2022-03-23 10:20:36.930[debug] (imageService.list) {"count":1,"rows":[{"id":1,"postId":null,"imageId":"","subId":null,"imageName":null,"vedeoName":null,"createdAt":"2022-03-23T01:10:13.923Z","updatedAt":"2022-03-23T01:10:13.923Z","deletedAt":null}]}
2022-03-23 10:20:36.933[info] (image.list.result) {"count":1,"rows":[{"id":1,"postId":null,"imageId":"","subId":null,"imageName":null,"vedeoName":null,"createdAt":"2022-03-23T01:10:13.923Z","updatedAt":"2022-03-23T01:10:13.923Z","deletedAt":null}]}
2022-03-23 10:21:21.226[info] (image.list.params) {}
2022-03-23 10:21:21.331[debug] (imageService.list) {"count":1,"rows":[{"id":1,"postId":null,"imageId":"","subId":null,"imageName":null,"vedeoName":null,"createdAt":"2022-03-23T01:10:13.923Z","updatedAt":"2022-03-23T01:10:13.923Z","deletedAt":null}]}
2022-03-23 10:21:21.334[info] (image.list.result) {"count":1,"rows":[{"id":1,"postId":null,"imageId":"","subId":null,"imageName":null,"vedeoName":null,"createdAt":"2022-03-23T01:10:13.923Z","updatedAt":"2022-03-23T01:10:13.923Z","deletedAt":null}]}
2022-03-23 10:23:01.169[info] (image.reg.params) {"filename":"871a6e636d9dc38ec81a2d5a925e1953","mimetype":"image/png","path":"uploads\\871a6e636d9dc38ec81a2d5a925e1953","size":16000}
2022-03-23 10:23:01.250[debug] (imageService.reg) {"id":2,"postId":null,"imageId":null,"updatedAt":"2022-03-23T01:23:01.173Z","createdAt":"2022-03-23T01:23:01.173Z","subId":null,"imageName":null,"vedeoName":null,"deletedAt":null}
2022-03-23 10:23:01.253[info] (image.reg.result) {"id":2,"postId":null,"imageId":null,"updatedAt":"2022-03-23T01:23:01.173Z","createdAt":"2022-03-23T01:23:01.173Z","subId":null,"imageName":null,"vedeoName":null,"deletedAt":null}
2022-03-23 10:26:12.787[info] (image.reg.params) {"filename":"0f319c228267b15b507f7d663a20dfc6","mimetype":"image/png","path":"uploads\\0f319c228267b15b507f7d663a20dfc6","size":8640}
2022-03-23 10:26:12.863[debug] (imageService.reg) {"id":3,"postId":null,"imageId":null,"updatedAt":"2022-03-23T01:26:12.792Z","createdAt":"2022-03-23T01:26:12.792Z","subId":null,"imageName":null,"vedeoName":null,"deletedAt":null}
2022-03-23 10:26:12.866[info] (image.reg.result) {"id":3,"postId":null,"imageId":null,"updatedAt":"2022-03-23T01:26:12.792Z","createdAt":"2022-03-23T01:26:12.792Z","subId":null,"imageName":null,"vedeoName":null,"deletedAt":null}
2022-03-23 10:33:55.238[info] app start
2022-03-23 10:33:55.541[info] DB connection success
2022-03-23 10:33:55.594[info] Sequelize sync success
2022-03-23 10:33:59.748[info] (image.reg.params) {"filename":"7ff2207bcb688a74a900976e111b78eb","mimetype":"image/png","path":"uploads\\7ff2207bcb688a74a900976e111b78eb","size":8640}
2022-03-23 10:33:59.770[debug] (imageService.reg) {"id":4,"postId":null,"imageId":null,"updatedAt":"2022-03-23T01:33:59.754Z","createdAt":"2022-03-23T01:33:59.754Z","subId":null,"imageName":null,"vedeoName":null,"deletedAt":null}
2022-03-23 10:33:59.774[info] (image.reg.result) {"id":4,"postId":null,"imageId":null,"updatedAt":"2022-03-23T01:33:59.754Z","createdAt":"2022-03-23T01:33:59.754Z","subId":null,"imageName":null,"vedeoName":null,"deletedAt":null}
2022-03-23 10:34:11.524[info] (image.list.params) {}
2022-03-23 10:34:11.654[debug] (imageService.list) {"count":4,"rows":[{"id":4,"postId":null,"imageId":null,"subId":null,"imageName":null,"vedeoName":null,"createdAt":"2022-03-23T01:33:59.754Z","updatedAt":"2022-03-23T01:33:59.754Z","deletedAt":null},{"id":3,"postId":null,"imageId":null,"subId":null,"imageName":null,"vedeoName":null,"createdAt":"2022-03-23T01:26:12.792Z","updatedAt":"2022-03-23T01:26:12.792Z","deletedAt":null},{"id":2,"postId":null,"imageId":null,"subId":null,"imageName":null,"vedeoName":null,"createdAt":"2022-03-23T01:23:01.173Z","updatedAt":"2022-03-23T01:23:01.173Z","deletedAt":null},{"id":1,"postId":null,"imageId":"","subId":null,"imageName":null,"vedeoName":null,"createdAt":"2022-03-23T01:10:13.923Z","updatedAt":"2022-03-23T01:10:13.923Z","deletedAt":null}]}
2022-03-23 10:34:11.659[info] (image.list.result) {"count":4,"rows":[{"id":4,"postId":null,"imageId":null,"subId":null,"imageName":null,"vedeoName":null,"createdAt":"2022-03-23T01:33:59.754Z","updatedAt":"2022-03-23T01:33:59.754Z","deletedAt":null},{"id":3,"postId":null,"imageId":null,"subId":null,"imageName":null,"vedeoName":null,"createdAt":"2022-03-23T01:26:12.792Z","updatedAt":"2022-03-23T01:26:12.792Z","deletedAt":null},{"id":2,"postId":null,"imageId":null,"subId":null,"imageName":null,"vedeoName":null,"createdAt":"2022-03-23T01:23:01.173Z","updatedAt":"2022-03-23T01:23:01.173Z","deletedAt":null},{"id":1,"postId":null,"imageId":"","subId":null,"imageName":null,"vedeoName":null,"createdAt":"2022-03-23T01:10:13.923Z","updatedAt":"2022-03-23T01:10:13.923Z","deletedAt":null}]}
2022-03-23 10:34:22.204[info] app start
2022-03-23 10:34:22.474[info] DB connection success
2022-03-23 10:34:22.529[info] Sequelize sync success
2022-03-23 10:35:28.776[info] (image.list.params) {}
2022-03-23 10:35:28.898[debug] (imageService.list) {"count":4,"rows":[{"id":4,"postId":null,"imageId":null,"subId":null,"imageName":null,"vedeoName":null,"createdAt":"2022-03-23T01:33:59.754Z","updatedAt":"2022-03-23T01:33:59.754Z","deletedAt":null},{"id":3,"postId":null,"imageId":null,"subId":null,"imageName":null,"vedeoName":null,"createdAt":"2022-03-23T01:26:12.792Z","updatedAt":"2022-03-23T01:26:12.792Z","deletedAt":null},{"id":2,"postId":null,"imageId":null,"subId":null,"imageName":null,"vedeoName":null,"createdAt":"2022-03-23T01:23:01.173Z","updatedAt":"2022-03-23T01:23:01.173Z","deletedAt":null},{"id":1,"postId":null,"imageId":"","subId":null,"imageName":null,"vedeoName":null,"createdAt":"2022-03-23T01:10:13.923Z","updatedAt":"2022-03-23T01:10:13.923Z","deletedAt":null}]}
2022-03-23 10:35:28.905[info] (image.list.result) {"count":4,"rows":[{"id":4,"postId":null,"imageId":null,"subId":null,"imageName":null,"vedeoName":null,"createdAt":"2022-03-23T01:33:59.754Z","updatedAt":"2022-03-23T01:33:59.754Z","deletedAt":null},{"id":3,"postId":null,"imageId":null,"subId":null,"imageName":null,"vedeoName":null,"createdAt":"2022-03-23T01:26:12.792Z","updatedAt":"2022-03-23T01:26:12.792Z","deletedAt":null},{"id":2,"postId":null,"imageId":null,"subId":null,"imageName":null,"vedeoName":null,"createdAt":"2022-03-23T01:23:01.173Z","updatedAt":"2022-03-23T01:23:01.173Z","deletedAt":null},{"id":1,"postId":null,"imageId":"","subId":null,"imageName":null,"vedeoName":null,"createdAt":"2022-03-23T01:10:13.923Z","updatedAt":"2022-03-23T01:10:13.923Z","deletedAt":null}]}
2022-03-23 10:41:02.723[info] app start
2022-03-23 10:41:03.246[info] DB connection success
2022-03-23 10:41:03.315[info] Sequelize sync success
2022-03-23 10:41:05.101[info] (image.reg.params) {"filename":"b18632d10c3c1fd5c8f43ea5b8b6eeb4","mimetype":"image/png","path":"uploads\\b18632d10c3c1fd5c8f43ea5b8b6eeb4","size":8640}
2022-03-23 10:41:05.120[debug] (imageService.reg) {"id":5,"postId":null,"imageId":null,"updatedAt":"2022-03-23T01:41:05.109Z","createdAt":"2022-03-23T01:41:05.109Z","subId":null,"imageName":null,"vedeoName":null,"deletedAt":null}
2022-03-23 10:41:05.124[info] (image.reg.result) {"id":5,"postId":null,"imageId":null,"updatedAt":"2022-03-23T01:41:05.109Z","createdAt":"2022-03-23T01:41:05.109Z","subId":null,"imageName":null,"vedeoName":null,"deletedAt":null}
2022-03-23 10:41:20.694[info] (image.list.params) {}
2022-03-23 10:41:20.790[debug] (imageService.list) {"count":5,"rows":[{"id":5,"postId":null,"imageId":null,"subId":null,"imageName":null,"vedeoName":null,"createdAt":"2022-03-23T01:41:05.109Z","updatedAt":"2022-03-23T01:41:05.109Z","deletedAt":null},{"id":4,"postId":null,"imageId":null,"subId":null,"imageName":null,"vedeoName":null,"createdAt":"2022-03-23T01:33:59.754Z","updatedAt":"2022-03-23T01:33:59.754Z","deletedAt":null},{"id":3,"postId":null,"imageId":null,"subId":null,"imageName":null,"vedeoName":null,"createdAt":"2022-03-23T01:26:12.792Z","updatedAt":"2022-03-23T01:26:12.792Z","deletedAt":null},{"id":2,"postId":null,"imageId":null,"subId":null,"imageName":null,"vedeoName":null,"createdAt":"2022-03-23T01:23:01.173Z","updatedAt":"2022-03-23T01:23:01.173Z","deletedAt":null},{"id":1,"postId":null,"imageId":"","subId":null,"imageName":null,"vedeoName":null,"createdAt":"2022-03-23T01:10:13.923Z","updatedAt":"2022-03-23T01:10:13.923Z","deletedAt":null}]}
2022-03-23 10:41:20.794[info] (image.list.result) {"count":5,"rows":[{"id":5,"postId":null,"imageId":null,"subId":null,"imageName":null,"vedeoName":null,"createdAt":"2022-03-23T01:41:05.109Z","updatedAt":"2022-03-23T01:41:05.109Z","deletedAt":null},{"id":4,"postId":null,"imageId":null,"subId":null,"imageName":null,"vedeoName":null,"createdAt":"2022-03-23T01:33:59.754Z","updatedAt":"2022-03-23T01:33:59.754Z","deletedAt":null},{"id":3,"postId":null,"imageId":null,"subId":null,"imageName":null,"vedeoName":null,"createdAt":"2022-03-23T01:26:12.792Z","updatedAt":"2022-03-23T01:26:12.792Z","deletedAt":null},{"id":2,"postId":null,"imageId":null,"subId":null,"imageName":null,"vedeoName":null,"createdAt":"2022-03-23T01:23:01.173Z","updatedAt":"2022-03-23T01:23:01.173Z","deletedAt":null},{"id":1,"postId":null,"imageId":"","subId":null,"imageName":null,"vedeoName":null,"createdAt":"2022-03-23T01:10:13.923Z","updatedAt":"2022-03-23T01:10:13.923Z","deletedAt":null}]}
2022-03-23 10:41:21.758[info] (image.list.params) {}
2022-03-23 10:41:21.771[debug] (imageService.list) {"count":5,"rows":[{"id":5,"postId":null,"imageId":null,"subId":null,"imageName":null,"vedeoName":null,"createdAt":"2022-03-23T01:41:05.109Z","updatedAt":"2022-03-23T01:41:05.109Z","deletedAt":null},{"id":4,"postId":null,"imageId":null,"subId":null,"imageName":null,"vedeoName":null,"createdAt":"2022-03-23T01:33:59.754Z","updatedAt":"2022-03-23T01:33:59.754Z","deletedAt":null},{"id":3,"postId":null,"imageId":null,"subId":null,"imageName":null,"vedeoName":null,"createdAt":"2022-03-23T01:26:12.792Z","updatedAt":"2022-03-23T01:26:12.792Z","deletedAt":null},{"id":2,"postId":null,"imageId":null,"subId":null,"imageName":null,"vedeoName":null,"createdAt":"2022-03-23T01:23:01.173Z","updatedAt":"2022-03-23T01:23:01.173Z","deletedAt":null},{"id":1,"postId":null,"imageId":"","subId":null,"imageName":null,"vedeoName":null,"createdAt":"2022-03-23T01:10:13.923Z","updatedAt":"2022-03-23T01:10:13.923Z","deletedAt":null}]}
2022-03-23 10:41:21.778[info] (image.list.result) {"count":5,"rows":[{"id":5,"postId":null,"imageId":null,"subId":null,"imageName":null,"vedeoName":null,"createdAt":"2022-03-23T01:41:05.109Z","updatedAt":"2022-03-23T01:41:05.109Z","deletedAt":null},{"id":4,"postId":null,"imageId":null,"subId":null,"imageName":null,"vedeoName":null,"createdAt":"2022-03-23T01:33:59.754Z","updatedAt":"2022-03-23T01:33:59.754Z","deletedAt":null},{"id":3,"postId":null,"imageId":null,"subId":null,"imageName":null,"vedeoName":null,"createdAt":"2022-03-23T01:26:12.792Z","updatedAt":"2022-03-23T01:26:12.792Z","deletedAt":null},{"id":2,"postId":null,"imageId":null,"subId":null,"imageName":null,"vedeoName":null,"createdAt":"2022-03-23T01:23:01.173Z","updatedAt":"2022-03-23T01:23:01.173Z","deletedAt":null},{"id":1,"postId":null,"imageId":"","subId":null,"imageName":null,"vedeoName":null,"createdAt":"2022-03-23T01:10:13.923Z","updatedAt":"2022-03-23T01:10:13.923Z","deletedAt":null}]}
2022-03-23 10:41:22.606[info] (image.list.params) {}
2022-03-23 10:41:22.615[debug] (imageService.list) {"count":5,"rows":[{"id":5,"postId":null,"imageId":null,"subId":null,"imageName":null,"vedeoName":null,"createdAt":"2022-03-23T01:41:05.109Z","updatedAt":"2022-03-23T01:41:05.109Z","deletedAt":null},{"id":4,"postId":null,"imageId":null,"subId":null,"imageName":null,"vedeoName":null,"createdAt":"2022-03-23T01:33:59.754Z","updatedAt":"2022-03-23T01:33:59.754Z","deletedAt":null},{"id":3,"postId":null,"imageId":null,"subId":null,"imageName":null,"vedeoName":null,"createdAt":"2022-03-23T01:26:12.792Z","updatedAt":"2022-03-23T01:26:12.792Z","deletedAt":null},{"id":2,"postId":null,"imageId":null,"subId":null,"imageName":null,"vedeoName":null,"createdAt":"2022-03-23T01:23:01.173Z","updatedAt":"2022-03-23T01:23:01.173Z","deletedAt":null},{"id":1,"postId":null,"imageId":"","subId":null,"imageName":null,"vedeoName":null,"createdAt":"2022-03-23T01:10:13.923Z","updatedAt":"2022-03-23T01:10:13.923Z","deletedAt":null}]}
2022-03-23 10:41:22.620[info] (image.list.result) {"count":5,"rows":[{"id":5,"postId":null,"imageId":null,"subId":null,"imageName":null,"vedeoName":null,"createdAt":"2022-03-23T01:41:05.109Z","updatedAt":"2022-03-23T01:41:05.109Z","deletedAt":null},{"id":4,"postId":null,"imageId":null,"subId":null,"imageName":null,"vedeoName":null,"createdAt":"2022-03-23T01:33:59.754Z","updatedAt":"2022-03-23T01:33:59.754Z","deletedAt":null},{"id":3,"postId":null,"imageId":null,"subId":null,"imageName":null,"vedeoName":null,"createdAt":"2022-03-23T01:26:12.792Z","updatedAt":"2022-03-23T01:26:12.792Z","deletedAt":null},{"id":2,"postId":null,"imageId":null,"subId":null,"imageName":null,"vedeoName":null,"createdAt":"2022-03-23T01:23:01.173Z","updatedAt":"2022-03-23T01:23:01.173Z","deletedAt":null},{"id":1,"postId":null,"imageId":"","subId":null,"imageName":null,"vedeoName":null,"createdAt":"2022-03-23T01:10:13.923Z","updatedAt":"2022-03-23T01:10:13.923Z","deletedAt":null}]}
2022-03-23 10:41:33.242[info] app start
2022-03-23 10:41:33.642[info] DB connection success
2022-03-23 10:41:33.699[info] Sequelize sync success
2022-03-23 10:42:06.068[info] app start
2022-03-23 10:42:06.369[info] DB connection success
2022-03-23 10:42:06.432[info] Sequelize sync success
2022-03-23 10:42:07.614[info] (image.reg.params) {"filename":"b9189e1c5e63404b1aa72038d5c650b9","mimetype":"image/png","path":"uploads\\b9189e1c5e63404b1aa72038d5c650b9","size":8640}
2022-03-23 10:42:07.635[debug] (imageService.reg) {"id":6,"postId":null,"imageId":null,"updatedAt":"2022-03-23T01:42:07.621Z","createdAt":"2022-03-23T01:42:07.621Z","subId":null,"imageName":null,"vedeoName":null,"deletedAt":null}
2022-03-23 10:42:07.640[info] (image.reg.result) {"id":6,"postId":null,"imageId":null,"updatedAt":"2022-03-23T01:42:07.621Z","createdAt":"2022-03-23T01:42:07.621Z","subId":null,"imageName":null,"vedeoName":null,"deletedAt":null}
2022-03-23 10:42:49.336[info] app start
2022-03-23 10:42:49.627[info] DB connection success
2022-03-23 10:42:49.685[info] Sequelize sync success
2022-03-23 10:42:53.687[info] (image.reg.params) {"filename":"422b6705815c4e8e95a10d23e9fcab9a","mimetype":"image/png","path":"uploads\\422b6705815c4e8e95a10d23e9fcab9a","size":8640}
2022-03-23 10:42:53.708[debug] (imageService.reg) {"id":7,"postId":null,"imageId":null,"updatedAt":"2022-03-23T01:42:53.692Z","createdAt":"2022-03-23T01:42:53.692Z","subId":null,"imageName":null,"vedeoName":null,"deletedAt":null}
2022-03-23 10:42:53.712[info] (image.reg.result) {"id":7,"postId":null,"imageId":null,"updatedAt":"2022-03-23T01:42:53.692Z","createdAt":"2022-03-23T01:42:53.692Z","subId":null,"imageName":null,"vedeoName":null,"deletedAt":null}
2022-03-23 11:27:05.731[info] (image.list.params) {}
2022-03-23 11:27:05.881[debug] (imageService.list) {"count":7,"rows":[{"id":7,"postId":null,"imageId":null,"subId":null,"imageName":null,"vedeoName":null,"createdAt":"2022-03-23T01:42:53.692Z","updatedAt":"2022-03-23T01:42:53.692Z","deletedAt":null},{"id":6,"postId":null,"imageId":null,"subId":null,"imageName":null,"vedeoName":null,"createdAt":"2022-03-23T01:42:07.621Z","updatedAt":"2022-03-23T01:42:07.621Z","deletedAt":null},{"id":5,"postId":null,"imageId":null,"subId":null,"imageName":null,"vedeoName":null,"createdAt":"2022-03-23T01:41:05.109Z","updatedAt":"2022-03-23T01:41:05.109Z","deletedAt":null},{"id":4,"postId":null,"imageId":null,"subId":null,"imageName":null,"vedeoName":null,"createdAt":"2022-03-23T01:33:59.754Z","updatedAt":"2022-03-23T01:33:59.754Z","deletedAt":null},{"id":3,"postId":null,"imageId":null,"subId":null,"imageName":null,"vedeoName":null,"createdAt":"2022-03-23T01:26:12.792Z","updatedAt":"2022-03-23T01:26:12.792Z","deletedAt":null},{"id":2,"postId":null,"imageId":null,"subId":null,"imageName":null,"vedeoName":null,"createdAt":"2022-03-23T01:23:01.173Z","updatedAt":"2022-03-23T01:23:01.173Z","deletedAt":null},{"id":1,"postId":null,"imageId":"","subId":null,"imageName":null,"vedeoName":null,"createdAt":"2022-03-23T01:10:13.923Z","updatedAt":"2022-03-23T01:10:13.923Z","deletedAt":null}]}
2022-03-23 11:27:05.886[info] (image.list.result) {"count":7,"rows":[{"id":7,"postId":null,"imageId":null,"subId":null,"imageName":null,"vedeoName":null,"createdAt":"2022-03-23T01:42:53.692Z","updatedAt":"2022-03-23T01:42:53.692Z","deletedAt":null},{"id":6,"postId":null,"imageId":null,"subId":null,"imageName":null,"vedeoName":null,"createdAt":"2022-03-23T01:42:07.621Z","updatedAt":"2022-03-23T01:42:07.621Z","deletedAt":null},{"id":5,"postId":null,"imageId":null,"subId":null,"imageName":null,"vedeoName":null,"createdAt":"2022-03-23T01:41:05.109Z","updatedAt":"2022-03-23T01:41:05.109Z","deletedAt":null},{"id":4,"postId":null,"imageId":null,"subId":null,"imageName":null,"vedeoName":null,"createdAt":"2022-03-23T01:33:59.754Z","updatedAt":"2022-03-23T01:33:59.754Z","deletedAt":null},{"id":3,"postId":null,"imageId":null,"subId":null,"imageName":null,"vedeoName":null,"createdAt":"2022-03-23T01:26:12.792Z","updatedAt":"2022-03-23T01:26:12.792Z","deletedAt":null},{"id":2,"postId":null,"imageId":null,"subId":null,"imageName":null,"vedeoName":null,"createdAt":"2022-03-23T01:23:01.173Z","updatedAt":"2022-03-23T01:23:01.173Z","deletedAt":null},{"id":1,"postId":null,"imageId":"","subId":null,"imageName":null,"vedeoName":null,"createdAt":"2022-03-23T01:10:13.923Z","updatedAt":"2022-03-23T01:10:13.923Z","deletedAt":null}]}
2022-03-23 11:27:49.208[info] (image.info.params) {"imageId":"7ff2207bcb688a74a900976e111b78eb.png"}
2022-03-23 11:27:49.211[error] (imageService.info) TypeError: imageDao.selectDao is not a function
2022-03-23 11:28:41.383[info] app start
2022-03-23 11:28:41.749[info] DB connection success
2022-03-23 11:28:41.799[info] Sequelize sync success
2022-03-23 11:29:13.014[info] app start
2022-03-23 11:29:13.286[info] DB connection success
2022-03-23 11:29:13.340[info] Sequelize sync success
2022-03-23 11:29:17.024[info] app start
2022-03-23 11:29:17.295[info] DB connection success
2022-03-23 11:29:17.358[info] Sequelize sync success
2022-03-23 11:29:28.678[info] app start
2022-03-23 11:29:29.065[info] DB connection success
2022-03-23 11:29:29.117[info] Sequelize sync success
2022-03-23 11:29:32.342[info] app start
2022-03-23 11:29:32.611[info] DB connection success
2022-03-23 11:29:32.660[info] Sequelize sync success
2022-03-23 11:29:41.303[info] (image.reg.params) {"filename":"5047cb01706741547d4e6de5be580c4d","mimetype":"image/png","path":"uploads\\5047cb01706741547d4e6de5be580c4d","size":8640}
2022-03-23 11:29:41.324[debug] (imageService.reg) {"id":8,"postId":null,"imageId":null,"updatedAt":"2022-03-23T02:29:41.308Z","createdAt":"2022-03-23T02:29:41.308Z","subId":null,"imageName":null,"vedeoName":null,"deletedAt":null}
2022-03-23 11:29:41.327[info] (image.reg.result) {"id":8,"postId":null,"imageId":null,"updatedAt":"2022-03-23T02:29:41.308Z","createdAt":"2022-03-23T02:29:41.308Z","subId":null,"imageName":null,"vedeoName":null,"deletedAt":null}
2022-03-23 11:29:58.981[info] app start
2022-03-23 11:29:59.251[info] DB connection success
2022-03-23 11:29:59.310[info] Sequelize sync success
2022-03-23 11:30:10.465[info] app start
2022-03-23 11:30:10.777[info] DB connection success
2022-03-23 11:30:10.830[info] Sequelize sync success
2022-03-23 11:30:27.765[info] app start
2022-03-23 11:30:28.011[info] DB connection success
2022-03-23 11:30:28.085[info] Sequelize sync success
2022-03-23 11:31:00.548[info] app start
2022-03-23 11:31:00.814[info] DB connection success
2022-03-23 11:31:00.876[info] Sequelize sync success
2022-03-23 11:31:06.057[info] (image.reg.params) {"filename":"25231-1648002666051.png","mimetype":"image/png","path":"uploads\\25231-1648002666051.png","size":8640}
2022-03-23 11:31:06.075[debug] (imageService.reg) {"id":9,"postId":null,"imageId":null,"updatedAt":"2022-03-23T02:31:06.064Z","createdAt":"2022-03-23T02:31:06.064Z","subId":null,"imageName":null,"vedeoName":null,"deletedAt":null}
2022-03-23 11:31:06.079[info] (image.reg.result) {"id":9,"postId":null,"imageId":null,"updatedAt":"2022-03-23T02:31:06.064Z","createdAt":"2022-03-23T02:31:06.064Z","subId":null,"imageName":null,"vedeoName":null,"deletedAt":null}
2022-03-23 11:31:37.765[info] (image.info.params) {"imageId":"25231-1648002666051.png"}
2022-03-23 11:31:37.770[error] (imageService.info) TypeError: imageDao.selectDao is not a function
2022-03-23 11:32:02.267[info] (image.info.params) {"imageId":"25231-1648002666051.png"}
2022-03-23 11:32:02.269[error] (imageService.info) TypeError: imageDao.selectDao is not a function
2022-03-23 11:32:42.161[info] (image.reg.params) {"filename":"25231-1648002762159.png","mimetype":"image/png","path":"uploads\\25231-1648002762159.png","size":8640}
2022-03-23 11:32:42.266[debug] (imageService.reg) {"id":10,"postId":null,"imageId":null,"updatedAt":"2022-03-23T02:32:42.165Z","createdAt":"2022-03-23T02:32:42.165Z","subId":null,"imageName":null,"vedeoName":null,"deletedAt":null}
2022-03-23 11:32:42.269[info] (image.reg.result) {"id":10,"postId":null,"imageId":null,"updatedAt":"2022-03-23T02:32:42.165Z","createdAt":"2022-03-23T02:32:42.165Z","subId":null,"imageName":null,"vedeoName":null,"deletedAt":null}
2022-03-23 11:33:08.218[info] (image.info.params) {"imageId":"25231-1648002762159.png"}
2022-03-23 11:33:08.223[error] (imageService.info) TypeError: imageDao.selectDao is not a function
2022-03-23 13:16:15.166[info] app start
2022-03-23 13:16:15.463[info] DB connection success
2022-03-23 13:16:15.511[info] Sequelize sync success
2022-03-23 13:16:18.016[info] (image.info.params) {"imageId":"25231-1648002762159.png"}
2022-03-23 13:16:18.036[debug] (imageService.info) {"count":10,"rows":[{"id":10,"postId":null,"imageId":null,"subId":null,"imageName":null,"vedeoName":null,"createdAt":"2022-03-23T02:32:42.165Z","updatedAt":"2022-03-23T02:32:42.165Z","deletedAt":null},{"id":9,"postId":null,"imageId":null,"subId":null,"imageName":null,"vedeoName":null,"createdAt":"2022-03-23T02:31:06.064Z","updatedAt":"2022-03-23T02:31:06.064Z","deletedAt":null},{"id":8,"postId":null,"imageId":null,"subId":null,"imageName":null,"vedeoName":null,"createdAt":"2022-03-23T02:29:41.308Z","updatedAt":"2022-03-23T02:29:41.308Z","deletedAt":null},{"id":7,"postId":null,"imageId":null,"subId":null,"imageName":null,"vedeoName":null,"createdAt":"2022-03-23T01:42:53.692Z","updatedAt":"2022-03-23T01:42:53.692Z","deletedAt":null},{"id":6,"postId":null,"imageId":null,"subId":null,"imageName":null,"vedeoName":null,"createdAt":"2022-03-23T01:42:07.621Z","updatedAt":"2022-03-23T01:42:07.621Z","deletedAt":null},{"id":5,"postId":null,"imageId":null,"subId":null,"imageName":null,"vedeoName":null,"createdAt":"2022-03-23T01:41:05.109Z","updatedAt":"2022-03-23T01:41:05.109Z","deletedAt":null},{"id":4,"postId":null,"imageId":null,"subId":null,"imageName":null,"vedeoName":null,"createdAt":"2022-03-23T01:33:59.754Z","updatedAt":"2022-03-23T01:33:59.754Z","deletedAt":null},{"id":3,"postId":null,"imageId":null,"subId":null,"imageName":null,"vedeoName":null,"createdAt":"2022-03-23T01:26:12.792Z","updatedAt":"2022-03-23T01:26:12.792Z","deletedAt":null},{"id":2,"postId":null,"imageId":null,"subId":null,"imageName":null,"vedeoName":null,"createdAt":"2022-03-23T01:23:01.173Z","updatedAt":"2022-03-23T01:23:01.173Z","deletedAt":null},{"id":1,"postId":null,"imageId":"","subId":null,"imageName":null,"vedeoName":null,"createdAt":"2022-03-23T01:10:13.923Z","updatedAt":"2022-03-23T01:10:13.923Z","deletedAt":null}]}
2022-03-23 13:16:18.045[info] (image.info.result) {"count":10,"rows":[{"id":10,"postId":null,"imageId":null,"subId":null,"imageName":null,"vedeoName":null,"createdAt":"2022-03-23T02:32:42.165Z","updatedAt":"2022-03-23T02:32:42.165Z","deletedAt":null},{"id":9,"postId":null,"imageId":null,"subId":null,"imageName":null,"vedeoName":null,"createdAt":"2022-03-23T02:31:06.064Z","updatedAt":"2022-03-23T02:31:06.064Z","deletedAt":null},{"id":8,"postId":null,"imageId":null,"subId":null,"imageName":null,"vedeoName":null,"createdAt":"2022-03-23T02:29:41.308Z","updatedAt":"2022-03-23T02:29:41.308Z","deletedAt":null},{"id":7,"postId":null,"imageId":null,"subId":null,"imageName":null,"vedeoName":null,"createdAt":"2022-03-23T01:42:53.692Z","updatedAt":"2022-03-23T01:42:53.692Z","deletedAt":null},{"id":6,"postId":null,"imageId":null,"subId":null,"imageName":null,"vedeoName":null,"createdAt":"2022-03-23T01:42:07.621Z","updatedAt":"2022-03-23T01:42:07.621Z","deletedAt":null},{"id":5,"postId":null,"imageId":null,"subId":null,"imageName":null,"vedeoName":null,"createdAt":"2022-03-23T01:41:05.109Z","updatedAt":"2022-03-23T01:41:05.109Z","deletedAt":null},{"id":4,"postId":null,"imageId":null,"subId":null,"imageName":null,"vedeoName":null,"createdAt":"2022-03-23T01:33:59.754Z","updatedAt":"2022-03-23T01:33:59.754Z","deletedAt":null},{"id":3,"postId":null,"imageId":null,"subId":null,"imageName":null,"vedeoName":null,"createdAt":"2022-03-23T01:26:12.792Z","updatedAt":"2022-03-23T01:26:12.792Z","deletedAt":null},{"id":2,"postId":null,"imageId":null,"subId":null,"imageName":null,"vedeoName":null,"createdAt":"2022-03-23T01:23:01.173Z","updatedAt":"2022-03-23T01:23:01.173Z","deletedAt":null},{"id":1,"postId":null,"imageId":"","subId":null,"imageName":null,"vedeoName":null,"createdAt":"2022-03-23T01:10:13.923Z","updatedAt":"2022-03-23T01:10:13.923Z","deletedAt":null}]}
2022-03-23 13:16:23.092[info] (image.info.params) {"imageId":"25231-1648002762159.png"}
2022-03-23 13:16:23.106[debug] (imageService.info) {"count":10,"rows":[{"id":10,"postId":null,"imageId":null,"subId":null,"imageName":null,"vedeoName":null,"createdAt":"2022-03-23T02:32:42.165Z","updatedAt":"2022-03-23T02:32:42.165Z","deletedAt":null},{"id":9,"postId":null,"imageId":null,"subId":null,"imageName":null,"vedeoName":null,"createdAt":"2022-03-23T02:31:06.064Z","updatedAt":"2022-03-23T02:31:06.064Z","deletedAt":null},{"id":8,"postId":null,"imageId":null,"subId":null,"imageName":null,"vedeoName":null,"createdAt":"2022-03-23T02:29:41.308Z","updatedAt":"2022-03-23T02:29:41.308Z","deletedAt":null},{"id":7,"postId":null,"imageId":null,"subId":null,"imageName":null,"vedeoName":null,"createdAt":"2022-03-23T01:42:53.692Z","updatedAt":"2022-03-23T01:42:53.692Z","deletedAt":null},{"id":6,"postId":null,"imageId":null,"subId":null,"imageName":null,"vedeoName":null,"createdAt":"2022-03-23T01:42:07.621Z","updatedAt":"2022-03-23T01:42:07.621Z","deletedAt":null},{"id":5,"postId":null,"imageId":null,"subId":null,"imageName":null,"vedeoName":null,"createdAt":"2022-03-23T01:41:05.109Z","updatedAt":"2022-03-23T01:41:05.109Z","deletedAt":null},{"id":4,"postId":null,"imageId":null,"subId":null,"imageName":null,"vedeoName":null,"createdAt":"2022-03-23T01:33:59.754Z","updatedAt":"2022-03-23T01:33:59.754Z","deletedAt":null},{"id":3,"postId":null,"imageId":null,"subId":null,"imageName":null,"vedeoName":null,"createdAt":"2022-03-23T01:26:12.792Z","updatedAt":"2022-03-23T01:26:12.792Z","deletedAt":null},{"id":2,"postId":null,"imageId":null,"subId":null,"imageName":null,"vedeoName":null,"createdAt":"2022-03-23T01:23:01.173Z","updatedAt":"2022-03-23T01:23:01.173Z","deletedAt":null},{"id":1,"postId":null,"imageId":"","subId":null,"imageName":null,"vedeoName":null,"createdAt":"2022-03-23T01:10:13.923Z","updatedAt":"2022-03-23T01:10:13.923Z","deletedAt":null}]}
2022-03-23 13:16:23.112[info] (image.info.result) {"count":10,"rows":[{"id":10,"postId":null,"imageId":null,"subId":null,"imageName":null,"vedeoName":null,"createdAt":"2022-03-23T02:32:42.165Z","updatedAt":"2022-03-23T02:32:42.165Z","deletedAt":null},{"id":9,"postId":null,"imageId":null,"subId":null,"imageName":null,"vedeoName":null,"createdAt":"2022-03-23T02:31:06.064Z","updatedAt":"2022-03-23T02:31:06.064Z","deletedAt":null},{"id":8,"postId":null,"imageId":null,"subId":null,"imageName":null,"vedeoName":null,"createdAt":"2022-03-23T02:29:41.308Z","updatedAt":"2022-03-23T02:29:41.308Z","deletedAt":null},{"id":7,"postId":null,"imageId":null,"subId":null,"imageName":null,"vedeoName":null,"createdAt":"2022-03-23T01:42:53.692Z","updatedAt":"2022-03-23T01:42:53.692Z","deletedAt":null},{"id":6,"postId":null,"imageId":null,"subId":null,"imageName":null,"vedeoName":null,"createdAt":"2022-03-23T01:42:07.621Z","updatedAt":"2022-03-23T01:42:07.621Z","deletedAt":null},{"id":5,"postId":null,"imageId":null,"subId":null,"imageName":null,"vedeoName":null,"createdAt":"2022-03-23T01:41:05.109Z","updatedAt":"2022-03-23T01:41:05.109Z","deletedAt":null},{"id":4,"postId":null,"imageId":null,"subId":null,"imageName":null,"vedeoName":null,"createdAt":"2022-03-23T01:33:59.754Z","updatedAt":"2022-03-23T01:33:59.754Z","deletedAt":null},{"id":3,"postId":null,"imageId":null,"subId":null,"imageName":null,"vedeoName":null,"createdAt":"2022-03-23T01:26:12.792Z","updatedAt":"2022-03-23T01:26:12.792Z","deletedAt":null},{"id":2,"postId":null,"imageId":null,"subId":null,"imageName":null,"vedeoName":null,"createdAt":"2022-03-23T01:23:01.173Z","updatedAt":"2022-03-23T01:23:01.173Z","deletedAt":null},{"id":1,"postId":null,"imageId":"","subId":null,"imageName":null,"vedeoName":null,"createdAt":"2022-03-23T01:10:13.923Z","updatedAt":"2022-03-23T01:10:13.923Z","deletedAt":null}]}
2022-03-23 13:16:43.715[info] (image.info.params) {"imageId":"25231-1648002762159.png"}
2022-03-23 13:16:43.912[debug] (imageService.info) {"count":10,"rows":[{"id":10,"postId":null,"imageId":null,"subId":null,"imageName":null,"vedeoName":null,"createdAt":"2022-03-23T02:32:42.165Z","updatedAt":"2022-03-23T02:32:42.165Z","deletedAt":null},{"id":9,"postId":null,"imageId":null,"subId":null,"imageName":null,"vedeoName":null,"createdAt":"2022-03-23T02:31:06.064Z","updatedAt":"2022-03-23T02:31:06.064Z","deletedAt":null},{"id":8,"postId":null,"imageId":null,"subId":null,"imageName":null,"vedeoName":null,"createdAt":"2022-03-23T02:29:41.308Z","updatedAt":"2022-03-23T02:29:41.308Z","deletedAt":null},{"id":7,"postId":null,"imageId":null,"subId":null,"imageName":null,"vedeoName":null,"createdAt":"2022-03-23T01:42:53.692Z","updatedAt":"2022-03-23T01:42:53.692Z","deletedAt":null},{"id":6,"postId":null,"imageId":null,"subId":null,"imageName":null,"vedeoName":null,"createdAt":"2022-03-23T01:42:07.621Z","updatedAt":"2022-03-23T01:42:07.621Z","deletedAt":null},{"id":5,"postId":null,"imageId":null,"subId":null,"imageName":null,"vedeoName":null,"createdAt":"2022-03-23T01:41:05.109Z","updatedAt":"2022-03-23T01:41:05.109Z","deletedAt":null},{"id":4,"postId":null,"imageId":null,"subId":null,"imageName":null,"vedeoName":null,"createdAt":"2022-03-23T01:33:59.754Z","updatedAt":"2022-03-23T01:33:59.754Z","deletedAt":null},{"id":3,"postId":null,"imageId":null,"subId":null,"imageName":null,"vedeoName":null,"createdAt":"2022-03-23T01:26:12.792Z","updatedAt":"2022-03-23T01:26:12.792Z","deletedAt":null},{"id":2,"postId":null,"imageId":null,"subId":null,"imageName":null,"vedeoName":null,"createdAt":"2022-03-23T01:23:01.173Z","updatedAt":"2022-03-23T01:23:01.173Z","deletedAt":null},{"id":1,"postId":null,"imageId":"","subId":null,"imageName":null,"vedeoName":null,"createdAt":"2022-03-23T01:10:13.923Z","updatedAt":"2022-03-23T01:10:13.923Z","deletedAt":null}]}
2022-03-23 13:16:43.920[info] (image.info.result) {"count":10,"rows":[{"id":10,"postId":null,"imageId":null,"subId":null,"imageName":null,"vedeoName":null,"createdAt":"2022-03-23T02:32:42.165Z","updatedAt":"2022-03-23T02:32:42.165Z","deletedAt":null},{"id":9,"postId":null,"imageId":null,"subId":null,"imageName":null,"vedeoName":null,"createdAt":"2022-03-23T02:31:06.064Z","updatedAt":"2022-03-23T02:31:06.064Z","deletedAt":null},{"id":8,"postId":null,"imageId":null,"subId":null,"imageName":null,"vedeoName":null,"createdAt":"2022-03-23T02:29:41.308Z","updatedAt":"2022-03-23T02:29:41.308Z","deletedAt":null},{"id":7,"postId":null,"imageId":null,"subId":null,"imageName":null,"vedeoName":null,"createdAt":"2022-03-23T01:42:53.692Z","updatedAt":"2022-03-23T01:42:53.692Z","deletedAt":null},{"id":6,"postId":null,"imageId":null,"subId":null,"imageName":null,"vedeoName":null,"createdAt":"2022-03-23T01:42:07.621Z","updatedAt":"2022-03-23T01:42:07.621Z","deletedAt":null},{"id":5,"postId":null,"imageId":null,"subId":null,"imageName":null,"vedeoName":null,"createdAt":"2022-03-23T01:41:05.109Z","updatedAt":"2022-03-23T01:41:05.109Z","deletedAt":null},{"id":4,"postId":null,"imageId":null,"subId":null,"imageName":null,"vedeoName":null,"createdAt":"2022-03-23T01:33:59.754Z","updatedAt":"2022-03-23T01:33:59.754Z","deletedAt":null},{"id":3,"postId":null,"imageId":null,"subId":null,"imageName":null,"vedeoName":null,"createdAt":"2022-03-23T01:26:12.792Z","updatedAt":"2022-03-23T01:26:12.792Z","deletedAt":null},{"id":2,"postId":null,"imageId":null,"subId":null,"imageName":null,"vedeoName":null,"createdAt":"2022-03-23T01:23:01.173Z","updatedAt":"2022-03-23T01:23:01.173Z","deletedAt":null},{"id":1,"postId":null,"imageId":"","subId":null,"imageName":null,"vedeoName":null,"createdAt":"2022-03-23T01:10:13.923Z","updatedAt":"2022-03-23T01:10:13.923Z","deletedAt":null}]}
2022-03-23 13:16:49.500[info] (image.list.params) {}
2022-03-23 13:16:49.510[debug] (imageService.list) {"count":10,"rows":[{"id":10,"postId":null,"imageId":null,"subId":null,"imageName":null,"vedeoName":null,"createdAt":"2022-03-23T02:32:42.165Z","updatedAt":"2022-03-23T02:32:42.165Z","deletedAt":null},{"id":9,"postId":null,"imageId":null,"subId":null,"imageName":null,"vedeoName":null,"createdAt":"2022-03-23T02:31:06.064Z","updatedAt":"2022-03-23T02:31:06.064Z","deletedAt":null},{"id":8,"postId":null,"imageId":null,"subId":null,"imageName":null,"vedeoName":null,"createdAt":"2022-03-23T02:29:41.308Z","updatedAt":"2022-03-23T02:29:41.308Z","deletedAt":null},{"id":7,"postId":null,"imageId":null,"subId":null,"imageName":null,"vedeoName":null,"createdAt":"2022-03-23T01:42:53.692Z","updatedAt":"2022-03-23T01:42:53.692Z","deletedAt":null},{"id":6,"postId":null,"imageId":null,"subId":null,"imageName":null,"vedeoName":null,"createdAt":"2022-03-23T01:42:07.621Z","updatedAt":"2022-03-23T01:42:07.621Z","deletedAt":null},{"id":5,"postId":null,"imageId":null,"subId":null,"imageName":null,"vedeoName":null,"createdAt":"2022-03-23T01:41:05.109Z","updatedAt":"2022-03-23T01:41:05.109Z","deletedAt":null},{"id":4,"postId":null,"imageId":null,"subId":null,"imageName":null,"vedeoName":null,"createdAt":"2022-03-23T01:33:59.754Z","updatedAt":"2022-03-23T01:33:59.754Z","deletedAt":null},{"id":3,"postId":null,"imageId":null,"subId":null,"imageName":null,"vedeoName":null,"createdAt":"2022-03-23T01:26:12.792Z","updatedAt":"2022-03-23T01:26:12.792Z","deletedAt":null},{"id":2,"postId":null,"imageId":null,"subId":null,"imageName":null,"vedeoName":null,"createdAt":"2022-03-23T01:23:01.173Z","updatedAt":"2022-03-23T01:23:01.173Z","deletedAt":null},{"id":1,"postId":null,"imageId":"","subId":null,"imageName":null,"vedeoName":null,"createdAt":"2022-03-23T01:10:13.923Z","updatedAt":"2022-03-23T01:10:13.923Z","deletedAt":null}]}
2022-03-23 13:16:49.518[info] (image.list.result) {"count":10,"rows":[{"id":10,"postId":null,"imageId":null,"subId":null,"imageName":null,"vedeoName":null,"createdAt":"2022-03-23T02:32:42.165Z","updatedAt":"2022-03-23T02:32:42.165Z","deletedAt":null},{"id":9,"postId":null,"imageId":null,"subId":null,"imageName":null,"vedeoName":null,"createdAt":"2022-03-23T02:31:06.064Z","updatedAt":"2022-03-23T02:31:06.064Z","deletedAt":null},{"id":8,"postId":null,"imageId":null,"subId":null,"imageName":null,"vedeoName":null,"createdAt":"2022-03-23T02:29:41.308Z","updatedAt":"2022-03-23T02:29:41.308Z","deletedAt":null},{"id":7,"postId":null,"imageId":null,"subId":null,"imageName":null,"vedeoName":null,"createdAt":"2022-03-23T01:42:53.692Z","updatedAt":"2022-03-23T01:42:53.692Z","deletedAt":null},{"id":6,"postId":null,"imageId":null,"subId":null,"imageName":null,"vedeoName":null,"createdAt":"2022-03-23T01:42:07.621Z","updatedAt":"2022-03-23T01:42:07.621Z","deletedAt":null},{"id":5,"postId":null,"imageId":null,"subId":null,"imageName":null,"vedeoName":null,"createdAt":"2022-03-23T01:41:05.109Z","updatedAt":"2022-03-23T01:41:05.109Z","deletedAt":null},{"id":4,"postId":null,"imageId":null,"subId":null,"imageName":null,"vedeoName":null,"createdAt":"2022-03-23T01:33:59.754Z","updatedAt":"2022-03-23T01:33:59.754Z","deletedAt":null},{"id":3,"postId":null,"imageId":null,"subId":null,"imageName":null,"vedeoName":null,"createdAt":"2022-03-23T01:26:12.792Z","updatedAt":"2022-03-23T01:26:12.792Z","deletedAt":null},{"id":2,"postId":null,"imageId":null,"subId":null,"imageName":null,"vedeoName":null,"createdAt":"2022-03-23T01:23:01.173Z","updatedAt":"2022-03-23T01:23:01.173Z","deletedAt":null},{"id":1,"postId":null,"imageId":"","subId":null,"imageName":null,"vedeoName":null,"createdAt":"2022-03-23T01:10:13.923Z","updatedAt":"2022-03-23T01:10:13.923Z","deletedAt":null}]}
2022-03-23 13:18:41.384[info] (image.list.params) {}
2022-03-23 13:18:41.513[debug] (imageService.list) {"count":10,"rows":[{"id":10,"postId":null,"imageId":null,"subId":null,"imageName":null,"vedeoName":null,"createdAt":"2022-03-23T02:32:42.165Z","updatedAt":"2022-03-23T02:32:42.165Z","deletedAt":null},{"id":9,"postId":null,"imageId":null,"subId":null,"imageName":null,"vedeoName":null,"createdAt":"2022-03-23T02:31:06.064Z","updatedAt":"2022-03-23T02:31:06.064Z","deletedAt":null},{"id":8,"postId":null,"imageId":null,"subId":null,"imageName":null,"vedeoName":null,"createdAt":"2022-03-23T02:29:41.308Z","updatedAt":"2022-03-23T02:29:41.308Z","deletedAt":null},{"id":7,"postId":null,"imageId":null,"subId":null,"imageName":null,"vedeoName":null,"createdAt":"2022-03-23T01:42:53.692Z","updatedAt":"2022-03-23T01:42:53.692Z","deletedAt":null},{"id":6,"postId":null,"imageId":null,"subId":null,"imageName":null,"vedeoName":null,"createdAt":"2022-03-23T01:42:07.621Z","updatedAt":"2022-03-23T01:42:07.621Z","deletedAt":null},{"id":5,"postId":null,"imageId":null,"subId":null,"imageName":null,"vedeoName":null,"createdAt":"2022-03-23T01:41:05.109Z","updatedAt":"2022-03-23T01:41:05.109Z","deletedAt":null},{"id":4,"postId":null,"imageId":null,"subId":null,"imageName":null,"vedeoName":null,"createdAt":"2022-03-23T01:33:59.754Z","updatedAt":"2022-03-23T01:33:59.754Z","deletedAt":null},{"id":3,"postId":null,"imageId":null,"subId":null,"imageName":null,"vedeoName":null,"createdAt":"2022-03-23T01:26:12.792Z","updatedAt":"2022-03-23T01:26:12.792Z","deletedAt":null},{"id":2,"postId":null,"imageId":null,"subId":null,"imageName":null,"vedeoName":null,"createdAt":"2022-03-23T01:23:01.173Z","updatedAt":"2022-03-23T01:23:01.173Z","deletedAt":null},{"id":1,"postId":null,"imageId":"","subId":null,"imageName":null,"vedeoName":null,"createdAt":"2022-03-23T01:10:13.923Z","updatedAt":"2022-03-23T01:10:13.923Z","deletedAt":null}]}
2022-03-23 13:18:41.521[info] (image.list.result) {"count":10,"rows":[{"id":10,"postId":null,"imageId":null,"subId":null,"imageName":null,"vedeoName":null,"createdAt":"2022-03-23T02:32:42.165Z","updatedAt":"2022-03-23T02:32:42.165Z","deletedAt":null},{"id":9,"postId":null,"imageId":null,"subId":null,"imageName":null,"vedeoName":null,"createdAt":"2022-03-23T02:31:06.064Z","updatedAt":"2022-03-23T02:31:06.064Z","deletedAt":null},{"id":8,"postId":null,"imageId":null,"subId":null,"imageName":null,"vedeoName":null,"createdAt":"2022-03-23T02:29:41.308Z","updatedAt":"2022-03-23T02:29:41.308Z","deletedAt":null},{"id":7,"postId":null,"imageId":null,"subId":null,"imageName":null,"vedeoName":null,"createdAt":"2022-03-23T01:42:53.692Z","updatedAt":"2022-03-23T01:42:53.692Z","deletedAt":null},{"id":6,"postId":null,"imageId":null,"subId":null,"imageName":null,"vedeoName":null,"createdAt":"2022-03-23T01:42:07.621Z","updatedAt":"2022-03-23T01:42:07.621Z","deletedAt":null},{"id":5,"postId":null,"imageId":null,"subId":null,"imageName":null,"vedeoName":null,"createdAt":"2022-03-23T01:41:05.109Z","updatedAt":"2022-03-23T01:41:05.109Z","deletedAt":null},{"id":4,"postId":null,"imageId":null,"subId":null,"imageName":null,"vedeoName":null,"createdAt":"2022-03-23T01:33:59.754Z","updatedAt":"2022-03-23T01:33:59.754Z","deletedAt":null},{"id":3,"postId":null,"imageId":null,"subId":null,"imageName":null,"vedeoName":null,"createdAt":"2022-03-23T01:26:12.792Z","updatedAt":"2022-03-23T01:26:12.792Z","deletedAt":null},{"id":2,"postId":null,"imageId":null,"subId":null,"imageName":null,"vedeoName":null,"createdAt":"2022-03-23T01:23:01.173Z","updatedAt":"2022-03-23T01:23:01.173Z","deletedAt":null},{"id":1,"postId":null,"imageId":"","subId":null,"imageName":null,"vedeoName":null,"createdAt":"2022-03-23T01:10:13.923Z","updatedAt":"2022-03-23T01:10:13.923Z","deletedAt":null}]}
2022-03-23 13:19:20.119[info] (image.list.params) {}
2022-03-23 13:19:20.276[debug] (imageService.list) {"count":10,"rows":[{"id":10,"postId":null,"imageId":null,"subId":null,"imageName":null,"vedeoName":null,"createdAt":"2022-03-23T02:32:42.165Z","updatedAt":"2022-03-23T02:32:42.165Z","deletedAt":null},{"id":9,"postId":null,"imageId":null,"subId":null,"imageName":null,"vedeoName":null,"createdAt":"2022-03-23T02:31:06.064Z","updatedAt":"2022-03-23T02:31:06.064Z","deletedAt":null},{"id":8,"postId":null,"imageId":null,"subId":null,"imageName":null,"vedeoName":null,"createdAt":"2022-03-23T02:29:41.308Z","updatedAt":"2022-03-23T02:29:41.308Z","deletedAt":null},{"id":7,"postId":null,"imageId":null,"subId":null,"imageName":null,"vedeoName":null,"createdAt":"2022-03-23T01:42:53.692Z","updatedAt":"2022-03-23T01:42:53.692Z","deletedAt":null},{"id":6,"postId":null,"imageId":null,"subId":null,"imageName":null,"vedeoName":null,"createdAt":"2022-03-23T01:42:07.621Z","updatedAt":"2022-03-23T01:42:07.621Z","deletedAt":null},{"id":5,"postId":null,"imageId":null,"subId":null,"imageName":null,"vedeoName":null,"createdAt":"2022-03-23T01:41:05.109Z","updatedAt":"2022-03-23T01:41:05.109Z","deletedAt":null},{"id":4,"postId":null,"imageId":null,"subId":null,"imageName":null,"vedeoName":null,"createdAt":"2022-03-23T01:33:59.754Z","updatedAt":"2022-03-23T01:33:59.754Z","deletedAt":null},{"id":3,"postId":null,"imageId":null,"subId":null,"imageName":null,"vedeoName":null,"createdAt":"2022-03-23T01:26:12.792Z","updatedAt":"2022-03-23T01:26:12.792Z","deletedAt":null},{"id":2,"postId":null,"imageId":null,"subId":null,"imageName":null,"vedeoName":null,"createdAt":"2022-03-23T01:23:01.173Z","updatedAt":"2022-03-23T01:23:01.173Z","deletedAt":null},{"id":1,"postId":null,"imageId":"","subId":null,"imageName":null,"vedeoName":null,"createdAt":"2022-03-23T01:10:13.923Z","updatedAt":"2022-03-23T01:10:13.923Z","deletedAt":null}]}
2022-03-23 13:19:20.283[info] (image.list.result) {"count":10,"rows":[{"id":10,"postId":null,"imageId":null,"subId":null,"imageName":null,"vedeoName":null,"createdAt":"2022-03-23T02:32:42.165Z","updatedAt":"2022-03-23T02:32:42.165Z","deletedAt":null},{"id":9,"postId":null,"imageId":null,"subId":null,"imageName":null,"vedeoName":null,"createdAt":"2022-03-23T02:31:06.064Z","updatedAt":"2022-03-23T02:31:06.064Z","deletedAt":null},{"id":8,"postId":null,"imageId":null,"subId":null,"imageName":null,"vedeoName":null,"createdAt":"2022-03-23T02:29:41.308Z","updatedAt":"2022-03-23T02:29:41.308Z","deletedAt":null},{"id":7,"postId":null,"imageId":null,"subId":null,"imageName":null,"vedeoName":null,"createdAt":"2022-03-23T01:42:53.692Z","updatedAt":"2022-03-23T01:42:53.692Z","deletedAt":null},{"id":6,"postId":null,"imageId":null,"subId":null,"imageName":null,"vedeoName":null,"createdAt":"2022-03-23T01:42:07.621Z","updatedAt":"2022-03-23T01:42:07.621Z","deletedAt":null},{"id":5,"postId":null,"imageId":null,"subId":null,"imageName":null,"vedeoName":null,"createdAt":"2022-03-23T01:41:05.109Z","updatedAt":"2022-03-23T01:41:05.109Z","deletedAt":null},{"id":4,"postId":null,"imageId":null,"subId":null,"imageName":null,"vedeoName":null,"createdAt":"2022-03-23T01:33:59.754Z","updatedAt":"2022-03-23T01:33:59.754Z","deletedAt":null},{"id":3,"postId":null,"imageId":null,"subId":null,"imageName":null,"vedeoName":null,"createdAt":"2022-03-23T01:26:12.792Z","updatedAt":"2022-03-23T01:26:12.792Z","deletedAt":null},{"id":2,"postId":null,"imageId":null,"subId":null,"imageName":null,"vedeoName":null,"createdAt":"2022-03-23T01:23:01.173Z","updatedAt":"2022-03-23T01:23:01.173Z","deletedAt":null},{"id":1,"postId":null,"imageId":"","subId":null,"imageName":null,"vedeoName":null,"createdAt":"2022-03-23T01:10:13.923Z","updatedAt":"2022-03-23T01:10:13.923Z","deletedAt":null}]}
2022-03-23 13:19:38.155[info] (image.info.params) {"imageId":"25231-1648002762159"}
2022-03-23 13:19:38.260[debug] (imageService.info) {"count":10,"rows":[{"id":10,"postId":null,"imageId":null,"subId":null,"imageName":null,"vedeoName":null,"createdAt":"2022-03-23T02:32:42.165Z","updatedAt":"2022-03-23T02:32:42.165Z","deletedAt":null},{"id":9,"postId":null,"imageId":null,"subId":null,"imageName":null,"vedeoName":null,"createdAt":"2022-03-23T02:31:06.064Z","updatedAt":"2022-03-23T02:31:06.064Z","deletedAt":null},{"id":8,"postId":null,"imageId":null,"subId":null,"imageName":null,"vedeoName":null,"createdAt":"2022-03-23T02:29:41.308Z","updatedAt":"2022-03-23T02:29:41.308Z","deletedAt":null},{"id":7,"postId":null,"imageId":null,"subId":null,"imageName":null,"vedeoName":null,"createdAt":"2022-03-23T01:42:53.692Z","updatedAt":"2022-03-23T01:42:53.692Z","deletedAt":null},{"id":6,"postId":null,"imageId":null,"subId":null,"imageName":null,"vedeoName":null,"createdAt":"2022-03-23T01:42:07.621Z","updatedAt":"2022-03-23T01:42:07.621Z","deletedAt":null},{"id":5,"postId":null,"imageId":null,"subId":null,"imageName":null,"vedeoName":null,"createdAt":"2022-03-23T01:41:05.109Z","updatedAt":"2022-03-23T01:41:05.109Z","deletedAt":null},{"id":4,"postId":null,"imageId":null,"subId":null,"imageName":null,"vedeoName":null,"createdAt":"2022-03-23T01:33:59.754Z","updatedAt":"2022-03-23T01:33:59.754Z","deletedAt":null},{"id":3,"postId":null,"imageId":null,"subId":null,"imageName":null,"vedeoName":null,"createdAt":"2022-03-23T01:26:12.792Z","updatedAt":"2022-03-23T01:26:12.792Z","deletedAt":null},{"id":2,"postId":null,"imageId":null,"subId":null,"imageName":null,"vedeoName":null,"createdAt":"2022-03-23T01:23:01.173Z","updatedAt":"2022-03-23T01:23:01.173Z","deletedAt":null},{"id":1,"postId":null,"imageId":"","subId":null,"imageName":null,"vedeoName":null,"createdAt":"2022-03-23T01:10:13.923Z","updatedAt":"2022-03-23T01:10:13.923Z","deletedAt":null}]}
2022-03-23 13:19:38.266[info] (image.info.result) {"count":10,"rows":[{"id":10,"postId":null,"imageId":null,"subId":null,"imageName":null,"vedeoName":null,"createdAt":"2022-03-23T02:32:42.165Z","updatedAt":"2022-03-23T02:32:42.165Z","deletedAt":null},{"id":9,"postId":null,"imageId":null,"subId":null,"imageName":null,"vedeoName":null,"createdAt":"2022-03-23T02:31:06.064Z","updatedAt":"2022-03-23T02:31:06.064Z","deletedAt":null},{"id":8,"postId":null,"imageId":null,"subId":null,"imageName":null,"vedeoName":null,"createdAt":"2022-03-23T02:29:41.308Z","updatedAt":"2022-03-23T02:29:41.308Z","deletedAt":null},{"id":7,"postId":null,"imageId":null,"subId":null,"imageName":null,"vedeoName":null,"createdAt":"2022-03-23T01:42:53.692Z","updatedAt":"2022-03-23T01:42:53.692Z","deletedAt":null},{"id":6,"postId":null,"imageId":null,"subId":null,"imageName":null,"vedeoName":null,"createdAt":"2022-03-23T01:42:07.621Z","updatedAt":"2022-03-23T01:42:07.621Z","deletedAt":null},{"id":5,"postId":null,"imageId":null,"subId":null,"imageName":null,"vedeoName":null,"createdAt":"2022-03-23T01:41:05.109Z","updatedAt":"2022-03-23T01:41:05.109Z","deletedAt":null},{"id":4,"postId":null,"imageId":null,"subId":null,"imageName":null,"vedeoName":null,"createdAt":"2022-03-23T01:33:59.754Z","updatedAt":"2022-03-23T01:33:59.754Z","deletedAt":null},{"id":3,"postId":null,"imageId":null,"subId":null,"imageName":null,"vedeoName":null,"createdAt":"2022-03-23T01:26:12.792Z","updatedAt":"2022-03-23T01:26:12.792Z","deletedAt":null},{"id":2,"postId":null,"imageId":null,"subId":null,"imageName":null,"vedeoName":null,"createdAt":"2022-03-23T01:23:01.173Z","updatedAt":"2022-03-23T01:23:01.173Z","deletedAt":null},{"id":1,"postId":null,"imageId":"","subId":null,"imageName":null,"vedeoName":null,"createdAt":"2022-03-23T01:10:13.923Z","updatedAt":"2022-03-23T01:10:13.923Z","deletedAt":null}]}
2022-03-23 13:24:50.152[info] app start
2022-03-23 13:24:50.494[info] DB connection success
2022-03-23 13:24:50.545[info] Sequelize sync success
2022-03-23 13:25:29.129[info] app start
2022-03-23 13:25:29.391[info] DB connection success
2022-03-23 13:25:29.527[info] Sequelize sync success
2022-03-23 13:26:20.888[info] (image.list.params) {}
2022-03-23 13:26:21.032[debug] (imageService.list) {"count":0,"rows":[]}
2022-03-23 13:26:21.037[info] (image.list.result) {"count":0,"rows":[]}
2022-03-23 13:26:27.092[info] (image.reg.params) {"filename":"25231-1648009587086.png","mimetype":"image/png","path":"uploads\\25231-1648009587086.png","size":8640}
2022-03-23 13:26:27.106[debug] (imageService.reg) {"id":1,"postId":null,"imageId":null,"filename":"25231-1648009587086.png","mimetype":"image/png","path":"uploads\\25231-1648009587086.png","size":"8640","updatedAt":"2022-03-23T04:26:27.097Z","createdAt":"2022-03-23T04:26:27.097Z","subId":null,"deletedAt":null}
2022-03-23 13:26:27.110[info] (image.reg.result) {"id":1,"postId":null,"imageId":null,"filename":"25231-1648009587086.png","mimetype":"image/png","path":"uploads\\25231-1648009587086.png","size":"8640","updatedAt":"2022-03-23T04:26:27.097Z","createdAt":"2022-03-23T04:26:27.097Z","subId":null,"deletedAt":null}
2022-03-23 13:27:04.820[info] (image.info.params) {"imageId":"25231-1648002762159"}
2022-03-23 13:27:04.955[debug] (imageService.info) {"count":1,"rows":[{"id":1,"postId":null,"imageId":null,"subId":null,"filename":"25231-1648009587086.png","mimetype":"image/png","path":"uploads\\25231-1648009587086.png","size":"8640","createdAt":"2022-03-23T04:26:27.097Z","updatedAt":"2022-03-23T04:26:27.097Z","deletedAt":null}]}
2022-03-23 13:27:04.960[info] (image.info.result) {"count":1,"rows":[{"id":1,"postId":null,"imageId":null,"subId":null,"filename":"25231-1648009587086.png","mimetype":"image/png","path":"uploads\\25231-1648009587086.png","size":"8640","createdAt":"2022-03-23T04:26:27.097Z","updatedAt":"2022-03-23T04:26:27.097Z","deletedAt":null}]}
2022-03-23 13:27:17.708[info] (image.info.params) {"imageId":"25231-1648009587086"}
2022-03-23 13:27:17.824[debug] (imageService.info) {"count":1,"rows":[{"id":1,"postId":null,"imageId":null,"subId":null,"filename":"25231-1648009587086.png","mimetype":"image/png","path":"uploads\\25231-1648009587086.png","size":"8640","createdAt":"2022-03-23T04:26:27.097Z","updatedAt":"2022-03-23T04:26:27.097Z","deletedAt":null}]}
2022-03-23 13:27:17.827[info] (image.info.result) {"count":1,"rows":[{"id":1,"postId":null,"imageId":null,"subId":null,"filename":"25231-1648009587086.png","mimetype":"image/png","path":"uploads\\25231-1648009587086.png","size":"8640","createdAt":"2022-03-23T04:26:27.097Z","updatedAt":"2022-03-23T04:26:27.097Z","deletedAt":null}]}
2022-03-23 13:27:20.587[info] (image.info.params) {"imageId":"25231-1648009587086.png"}
2022-03-23 13:27:20.596[debug] (imageService.info) {"count":1,"rows":[{"id":1,"postId":null,"imageId":null,"subId":null,"filename":"25231-1648009587086.png","mimetype":"image/png","path":"uploads\\25231-1648009587086.png","size":"8640","createdAt":"2022-03-23T04:26:27.097Z","updatedAt":"2022-03-23T04:26:27.097Z","deletedAt":null}]}
2022-03-23 13:27:20.599[info] (image.info.result) {"count":1,"rows":[{"id":1,"postId":null,"imageId":null,"subId":null,"filename":"25231-1648009587086.png","mimetype":"image/png","path":"uploads\\25231-1648009587086.png","size":"8640","createdAt":"2022-03-23T04:26:27.097Z","updatedAt":"2022-03-23T04:26:27.097Z","deletedAt":null}]}
2022-03-23 13:30:32.415[info] (image.reg.params) {"filename":"cat-1648009832414.png","mimetype":"image/png","path":"uploads\\cat-1648009832414.png","size":8640}
2022-03-23 13:30:32.663[debug] (imageService.reg) {"id":2,"postId":null,"imageId":null,"filename":"cat-1648009832414.png","mimetype":"image/png","path":"uploads\\cat-1648009832414.png","size":"8640","updatedAt":"2022-03-23T04:30:32.418Z","createdAt":"2022-03-23T04:30:32.418Z","subId":null,"deletedAt":null}
2022-03-23 13:30:32.665[info] (image.reg.result) {"id":2,"postId":null,"imageId":null,"filename":"cat-1648009832414.png","mimetype":"image/png","path":"uploads\\cat-1648009832414.png","size":"8640","updatedAt":"2022-03-23T04:30:32.418Z","createdAt":"2022-03-23T04:30:32.418Z","subId":null,"deletedAt":null}
2022-03-23 13:32:49.757[info] (image.info.params) {"imageId":"cat.png"}
2022-03-23 13:32:49.865[debug] (imageService.info) {"count":1,"rows":[{"id":2,"postId":null,"imageId":null,"subId":null,"filename":"cat-1648009832414.png","mimetype":"image/png","path":"uploads\\cat-1648009832414.png","size":"8640","createdAt":"2022-03-23T04:30:32.418Z","updatedAt":"2022-03-23T04:30:32.418Z","deletedAt":null}]}
2022-03-23 13:32:49.869[info] (image.info.result) {"count":1,"rows":[{"id":2,"postId":null,"imageId":null,"subId":null,"filename":"cat-1648009832414.png","mimetype":"image/png","path":"uploads\\cat-1648009832414.png","size":"8640","createdAt":"2022-03-23T04:30:32.418Z","updatedAt":"2022-03-23T04:30:32.418Z","deletedAt":null}]}
2022-03-23 13:32:53.722[info] (image.info.params) {"imageId":"cat"}
2022-03-23 13:32:53.731[debug] (imageService.info) {"count":1,"rows":[{"id":2,"postId":null,"imageId":null,"subId":null,"filename":"cat-1648009832414.png","mimetype":"image/png","path":"uploads\\cat-1648009832414.png","size":"8640","createdAt":"2022-03-23T04:30:32.418Z","updatedAt":"2022-03-23T04:30:32.418Z","deletedAt":null}]}
2022-03-23 13:32:53.734[info] (image.info.result) {"count":1,"rows":[{"id":2,"postId":null,"imageId":null,"subId":null,"filename":"cat-1648009832414.png","mimetype":"image/png","path":"uploads\\cat-1648009832414.png","size":"8640","createdAt":"2022-03-23T04:30:32.418Z","updatedAt":"2022-03-23T04:30:32.418Z","deletedAt":null}]}
2022-03-23 13:33:01.123[info] (image.info.params) {"imageId":"cat-1648009832414.png"}
2022-03-23 13:33:01.133[debug] (imageService.info) {"count":1,"rows":[{"id":2,"postId":null,"imageId":null,"subId":null,"filename":"cat-1648009832414.png","mimetype":"image/png","path":"uploads\\cat-1648009832414.png","size":"8640","createdAt":"2022-03-23T04:30:32.418Z","updatedAt":"2022-03-23T04:30:32.418Z","deletedAt":null}]}
2022-03-23 13:33:01.135[info] (image.info.result) {"count":1,"rows":[{"id":2,"postId":null,"imageId":null,"subId":null,"filename":"cat-1648009832414.png","mimetype":"image/png","path":"uploads\\cat-1648009832414.png","size":"8640","createdAt":"2022-03-23T04:30:32.418Z","updatedAt":"2022-03-23T04:30:32.418Z","deletedAt":null}]}
2022-03-23 13:42:40.977[info] app start
2022-03-23 13:42:41.249[info] DB connection success
2022-03-23 13:42:41.302[info] Sequelize sync success
2022-03-23 13:42:42.937[info] app start
2022-03-23 13:42:43.226[info] DB connection success
2022-03-23 13:42:43.272[info] Sequelize sync success
2022-03-23 13:42:56.217[info] (image.info.params) {"imageId":"cat-1648009832414.png"}
2022-03-23 13:42:56.351[debug] (imageService.info) {"count":1,"rows":[{"id":2,"postId":null,"imageId":null,"subId":null,"filename":"cat-1648009832414.png","mimetype":"image/png","path":"uploads\\cat-1648009832414.png","size":"8640","createdAt":"2022-03-23T04:30:32.418Z","updatedAt":"2022-03-23T04:30:32.418Z","deletedAt":null}]}
2022-03-23 13:42:56.353[info] (image.info.result) {"count":1,"rows":[{"id":2,"postId":null,"imageId":null,"subId":null,"filename":"cat-1648009832414.png","mimetype":"image/png","path":"uploads\\cat-1648009832414.png","size":"8640","createdAt":"2022-03-23T04:30:32.418Z","updatedAt":"2022-03-23T04:30:32.418Z","deletedAt":null}]}
2022-03-23 13:51:16.001[info] (image.delete.params) {}
2022-03-23 13:51:16.006[error] (imageService.delete) Error: WHERE parameter "id" has invalid "undefined" value
2022-03-23 14:11:54.838[info] (image.info.params) {"imageId":"cat-1648009832414.png"}
2022-03-23 14:11:54.939[debug] (imageService.info) {"count":1,"rows":[{"id":2,"postId":null,"imageId":null,"subId":null,"filename":"cat-1648009832414.png","mimetype":"image/png","path":"uploads\\cat-1648009832414.png","size":"8640","createdAt":"2022-03-23T04:30:32.418Z","updatedAt":"2022-03-23T04:30:32.418Z","deletedAt":null}]}
2022-03-23 14:11:54.942[info] (image.info.result) {"count":1,"rows":[{"id":2,"postId":null,"imageId":null,"subId":null,"filename":"cat-1648009832414.png","mimetype":"image/png","path":"uploads\\cat-1648009832414.png","size":"8640","createdAt":"2022-03-23T04:30:32.418Z","updatedAt":"2022-03-23T04:30:32.418Z","deletedAt":null}]}
2022-03-23 14:12:19.588[info] (image.info.params) {"imageId":"cat-1648009832414.png"}
2022-03-23 14:12:19.704[debug] (imageService.info) {"count":1,"rows":[{"id":2,"postId":null,"imageId":null,"subId":null,"filename":"cat-1648009832414.png","mimetype":"image/png","path":"uploads\\cat-1648009832414.png","size":"8640","createdAt":"2022-03-23T04:30:32.418Z","updatedAt":"2022-03-23T04:30:32.418Z","deletedAt":null}]}
2022-03-23 14:12:19.706[info] (image.info.result) {"count":1,"rows":[{"id":2,"postId":null,"imageId":null,"subId":null,"filename":"cat-1648009832414.png","mimetype":"image/png","path":"uploads\\cat-1648009832414.png","size":"8640","createdAt":"2022-03-23T04:30:32.418Z","updatedAt":"2022-03-23T04:30:32.418Z","deletedAt":null}]}
