2022-03-04 09:15:54.595[info] app start
2022-03-04 09:15:54.853[info] DB connection success
2022-03-04 09:15:54.882[info] Sequelize sync success
2022-03-04 09:15:57.126[info] (post.reg.params) {"post":"게시판","subject":"첫글","userid":"aa","text":"hihihi"}
2022-03-04 09:15:57.128[error] Error: Not allowed null (name)
2022-03-04 09:15:57.145[error] (postService.reg) SequelizeDatabaseError: "comment" 칼럼(해당 릴레이션 "posts")의 null 값이 not null 제약조건을 위반했습니다.
2022-03-04 09:16:49.908[info] (post.reg.params) {"subnum":1,"post":"게시판","subject":"첫글","userid":"aa","text":"hihihi"}
2022-03-04 09:16:49.911[error] Error: Not allowed null (name)
2022-03-04 09:16:50.015[error] (postService.reg) SequelizeDatabaseError: "comment" 칼럼(해당 릴레이션 "posts")의 null 값이 not null 제약조건을 위반했습니다.
2022-03-04 09:18:52.553[info] app start
2022-03-04 09:18:52.875[info] DB connection success
2022-03-04 09:18:52.903[info] Sequelize sync success
2022-03-04 09:18:54.553[info] (post.reg.params) {"subnum":1,"post":"게시판","subject":"첫글","userid":"aa","text":"hihihi"}
2022-03-04 09:18:54.565[error] (postService.reg) SequelizeDatabaseError: "comment" 칼럼(해당 릴레이션 "posts")의 null 값이 not null 제약조건을 위반했습니다.
2022-03-04 09:18:56.310[info] (post.reg.params) {"subnum":1,"post":"게시판","subject":"첫글","userid":"aa","text":"hihihi"}
2022-03-04 09:18:56.325[error] (postService.reg) SequelizeDatabaseError: "comment" 칼럼(해당 릴레이션 "posts")의 null 값이 not null 제약조건을 위반했습니다.
2022-03-04 09:20:05.604[info] (post.reg.params) {"subnum":1,"post":"게시판","subject":"첫글","userid":"aa","text":"hihihi"}
2022-03-04 09:20:05.816[error] (postService.reg) SequelizeDatabaseError: "comment" 칼럼(해당 릴레이션 "posts")의 null 값이 not null 제약조건을 위반했습니다.
2022-03-04 09:22:33.973[info] (post.reg.params) {"subnum":1,"post":"게시판","subject":"첫글","userid":"aa","text":"hihihi"}
2022-03-04 09:22:34.071[error] (postService.reg) SequelizeDatabaseError: "comment" 칼럼(해당 릴레이션 "posts")의 null 값이 not null 제약조건을 위반했습니다.
2022-03-04 10:33:55.016[info] app start
2022-03-04 10:33:55.326[info] DB connection success
2022-03-04 10:33:55.353[info] Sequelize sync success
2022-03-04 10:37:44.531[info] app start
2022-03-04 10:37:44.799[info] DB connection success
2022-03-04 10:37:44.825[info] Sequelize sync success
2022-03-04 10:45:21.351[info] app start
2022-03-04 10:45:21.626[info] DB connection success
2022-03-04 10:45:21.656[info] Sequelize sync success
2022-03-04 10:45:25.653[info] (post.reg.params) {"subnum":"1","post":"게시판","subject":"첫글","userid":"aa","text":"hihihi","comment":null}
2022-03-04 10:45:25.668[error] (postService.reg) SequelizeDatabaseError: "comment" 칼럼(해당 릴레이션 "posts")의 null 값이 not null 제약조건을 위반했습니다.
2022-03-04 10:45:35.365[info] (post.reg.params) {"subnum":"1","post":"게시판","subject":"첫글","userid":"aa","text":"hihihi"}
2022-03-04 10:45:35.373[error] (postService.reg) SequelizeDatabaseError: "comment" 칼럼(해당 릴레이션 "posts")의 null 값이 not null 제약조건을 위반했습니다.
2022-03-04 10:45:36.157[info] (post.reg.params) {"subnum":"1","post":"게시판","subject":"첫글","userid":"aa","text":"hihihi"}
2022-03-04 10:45:36.167[error] (postService.reg) SequelizeDatabaseError: "comment" 칼럼(해당 릴레이션 "posts")의 null 값이 not null 제약조건을 위반했습니다.
2022-03-04 10:45:36.692[info] (post.reg.params) {"subnum":"1","post":"게시판","subject":"첫글","userid":"aa","text":"hihihi"}
2022-03-04 10:45:36.700[error] (postService.reg) SequelizeDatabaseError: "comment" 칼럼(해당 릴레이션 "posts")의 null 값이 not null 제약조건을 위반했습니다.
2022-03-04 10:45:37.071[info] (post.reg.params) {"subnum":"1","post":"게시판","subject":"첫글","userid":"aa","text":"hihihi"}
2022-03-04 10:45:37.084[error] (postService.reg) SequelizeDatabaseError: "comment" 칼럼(해당 릴레이션 "posts")의 null 값이 not null 제약조건을 위반했습니다.
2022-03-04 10:46:41.742[info] (post.reg.params) {"subnum":"1","post":"게시판","subject":"첫글","userid":"aa","text":"hihihi","comment":"dd"}
2022-03-04 10:46:41.846[debug] (postService.reg) {"id":15,"subnum":"1","post":"게시판","subject":"첫글","userid":"aa","text":"hihihi","comment":"dd","updatedAt":"2022-03-04T01:46:41.746Z","createdAt":"2022-03-04T01:46:41.746Z","updatedPwDate":null,"deletedAt":null}
2022-03-04 10:46:41.851[info] (post.reg.result) {"id":15,"subnum":"1","post":"게시판","subject":"첫글","userid":"aa","text":"hihihi","comment":"dd","updatedAt":"2022-03-04T01:46:41.746Z","createdAt":"2022-03-04T01:46:41.746Z","updatedPwDate":null,"deletedAt":null}
2022-03-04 10:47:57.100[info] app start
2022-03-04 10:47:57.369[info] DB connection success
2022-03-04 10:47:57.397[info] Sequelize sync success
2022-03-04 13:56:11.640[info] app start
2022-03-04 13:56:12.081[info] DB connection success
2022-03-04 13:56:12.109[info] Sequelize sync success
2022-03-04 14:05:31.452[info] (post.reg.params) {"subnum":"1","post":"게시판","subject":"첫글","userid":"aa","text":"hihihi","comment":"dd"}
2022-03-04 14:05:31.554[error] (postService.reg) SequelizeUniqueConstraintError: 중복된 키 값이 "posts_subnum_key" 고유 제약 조건을 위반함
2022-03-04 14:05:47.597[info] app start
2022-03-04 14:05:47.885[info] DB connection success
2022-03-04 14:05:47.915[info] Sequelize sync success
2022-03-04 14:05:59.959[info] (post.reg.params) {"subnum":"2","post":"게시판","subject":"첫글","userid":"aa","text":"hihihi","comment":"dd"}
2022-03-04 14:06:00.066[debug] (postService.reg) {"id":17,"subnum":"2","post":"게시판","subject":"첫글","userid":"aa","text":"hihihi","comment":"dd","updatedAt":"2022-03-04T05:05:59.963Z","createdAt":"2022-03-04T05:05:59.963Z","updatedPwDate":null,"deletedAt":null}
2022-03-04 14:06:00.068[info] (post.reg.result) {"id":17,"subnum":"2","post":"게시판","subject":"첫글","userid":"aa","text":"hihihi","comment":"dd","updatedAt":"2022-03-04T05:05:59.963Z","createdAt":"2022-03-04T05:05:59.963Z","updatedPwDate":null,"deletedAt":null}
2022-03-04 14:06:04.845[info] (post.reg.params) {"subnum":"3","post":"게시판","subject":"첫글","userid":"aa","text":"hihihi","comment":"dd"}
2022-03-04 14:06:04.851[debug] (postService.reg) {"id":18,"subnum":"3","post":"게시판","subject":"첫글","userid":"aa","text":"hihihi","comment":"dd","updatedAt":"2022-03-04T05:06:04.848Z","createdAt":"2022-03-04T05:06:04.848Z","updatedPwDate":null,"deletedAt":null}
2022-03-04 14:06:04.854[info] (post.reg.result) {"id":18,"subnum":"3","post":"게시판","subject":"첫글","userid":"aa","text":"hihihi","comment":"dd","updatedAt":"2022-03-04T05:06:04.848Z","createdAt":"2022-03-04T05:06:04.848Z","updatedPwDate":null,"deletedAt":null}
2022-03-04 14:06:09.263[info] (post.reg.params) {"subnum":"4","post":"게시판","subject":"첫글","userid":"aa","text":"hihihi","comment":"dd"}
2022-03-04 14:06:09.268[debug] (postService.reg) {"id":19,"subnum":"4","post":"게시판","subject":"첫글","userid":"aa","text":"hihihi","comment":"dd","updatedAt":"2022-03-04T05:06:09.265Z","createdAt":"2022-03-04T05:06:09.265Z","updatedPwDate":null,"deletedAt":null}
2022-03-04 14:06:09.270[info] (post.reg.result) {"id":19,"subnum":"4","post":"게시판","subject":"첫글","userid":"aa","text":"hihihi","comment":"dd","updatedAt":"2022-03-04T05:06:09.265Z","createdAt":"2022-03-04T05:06:09.265Z","updatedPwDate":null,"deletedAt":null}
2022-03-04 14:06:33.541[info] (post.reg.params) {"subnum":"4","post":"로그인","subject":"첫글","userid":"aa","text":"hihihi","comment":"dd"}
2022-03-04 14:06:33.624[error] (postService.reg) SequelizeUniqueConstraintError: 중복된 키 값이 "posts_subnum_key" 고유 제약 조건을 위반함
2022-03-04 14:06:36.664[info] (post.reg.params) {"subnum":"5","post":"로그인","subject":"첫글","userid":"aa","text":"hihihi","comment":"dd"}
2022-03-04 14:06:36.670[debug] (postService.reg) {"id":21,"subnum":"5","post":"로그인","subject":"첫글","userid":"aa","text":"hihihi","comment":"dd","updatedAt":"2022-03-04T05:06:36.666Z","createdAt":"2022-03-04T05:06:36.666Z","updatedPwDate":null,"deletedAt":null}
2022-03-04 14:06:36.672[info] (post.reg.result) {"id":21,"subnum":"5","post":"로그인","subject":"첫글","userid":"aa","text":"hihihi","comment":"dd","updatedAt":"2022-03-04T05:06:36.666Z","createdAt":"2022-03-04T05:06:36.666Z","updatedPwDate":null,"deletedAt":null}
2022-03-04 14:06:40.007[info] (post.reg.params) {"subnum":"6","post":"로그인","subject":"첫글","userid":"aa","text":"hihihi","comment":"dd"}
2022-03-04 14:06:40.012[debug] (postService.reg) {"id":22,"subnum":"6","post":"로그인","subject":"첫글","userid":"aa","text":"hihihi","comment":"dd","updatedAt":"2022-03-04T05:06:40.008Z","createdAt":"2022-03-04T05:06:40.008Z","updatedPwDate":null,"deletedAt":null}
2022-03-04 14:06:40.014[info] (post.reg.result) {"id":22,"subnum":"6","post":"로그인","subject":"첫글","userid":"aa","text":"hihihi","comment":"dd","updatedAt":"2022-03-04T05:06:40.008Z","createdAt":"2022-03-04T05:06:40.008Z","updatedPwDate":null,"deletedAt":null}
2022-03-04 14:09:27.218[info] app start
2022-03-04 14:09:27.578[info] DB connection success
2022-03-04 14:09:27.603[info] Sequelize sync success
2022-03-04 14:09:44.052[info] (post.reg.params) {"subnum":"6","post":"로그인","subject":"첫글","userid":"aa","text":"hihihi","comment":"dd"}
2022-03-04 14:09:44.152[error] (postService.reg) SequelizeUniqueConstraintError: 중복된 키 값이 "posts_subnum_key" 고유 제약 조건을 위반함
2022-03-04 14:09:53.863[info] (post.reg.params) {"subnum":"6","post":"로그인","subject":"첫글","userid":"aa","text":"hihihi","comment":"dd"}
2022-03-04 14:09:53.869[error] (postService.reg) SequelizeUniqueConstraintError: 중복된 키 값이 "posts_subnum_key" 고유 제약 조건을 위반함
2022-03-04 14:10:33.620[info] (post.info.params) {"id":"1"}
2022-03-04 14:10:33.725[debug] (postService.info) null
2022-03-04 14:10:33.726[info] (post.info.result) null
2022-03-04 14:10:35.982[info] (post.info.params) {"id":"2"}
2022-03-04 14:10:35.986[debug] (postService.info) null
2022-03-04 14:10:35.987[info] (post.info.result) null
2022-03-04 14:10:36.873[info] (post.info.params) {"id":"3"}
2022-03-04 14:10:36.877[debug] (postService.info) null
2022-03-04 14:10:36.878[info] (post.info.result) null
2022-03-04 14:10:45.766[info] (post.info.params) {"id":"15"}
2022-03-04 14:10:45.771[debug] (postService.info) {"id":15,"subnum":"1","post":"게시판","subject":"첫글","userid":"aa","text":"hihihi","comment":"dd","updatedPwDate":null,"createdAt":"2022-03-04T01:46:41.746Z","updatedAt":"2022-03-04T01:46:41.746Z","deletedAt":null}
2022-03-04 14:10:45.772[info] (post.info.result) {"id":15,"subnum":"1","post":"게시판","subject":"첫글","userid":"aa","text":"hihihi","comment":"dd","updatedPwDate":null,"createdAt":"2022-03-04T01:46:41.746Z","updatedAt":"2022-03-04T01:46:41.746Z","deletedAt":null}
2022-03-04 14:11:18.146[info] app start
2022-03-04 14:11:18.493[info] DB connection success
2022-03-04 14:11:18.515[info] Sequelize sync success
2022-03-04 14:11:33.977[info] app start
2022-03-04 14:11:34.257[info] DB connection success
2022-03-04 14:11:34.284[info] Sequelize sync success
2022-03-04 14:11:45.413[info] app start
2022-03-04 14:11:45.672[info] DB connection success
2022-03-04 14:11:45.698[info] Sequelize sync success
2022-03-04 14:15:06.115[info] (post.info.params) {"id":"15"}
2022-03-04 14:15:06.203[debug] (postService.info) {"id":15,"subnum":"1","post":"게시판","subject":"첫글","userid":"aa","text":"hihihi","comment":"dd","updatedPwDate":null,"createdAt":"2022-03-04T01:46:41.746Z","updatedAt":"2022-03-04T01:46:41.746Z","deletedAt":null}
2022-03-04 14:15:06.206[info] (post.info.result) {"id":15,"subnum":"1","post":"게시판","subject":"첫글","userid":"aa","text":"hihihi","comment":"dd","updatedPwDate":null,"createdAt":"2022-03-04T01:46:41.746Z","updatedAt":"2022-03-04T01:46:41.746Z","deletedAt":null}
2022-03-04 14:15:36.027[info] app start
2022-03-04 14:15:36.318[info] DB connection success
2022-03-04 14:15:36.344[info] Sequelize sync success
2022-03-04 14:15:42.376[info] app start
2022-03-04 14:15:42.634[info] DB connection success
2022-03-04 14:15:42.664[info] Sequelize sync success
2022-03-04 14:15:52.511[info] app start
2022-03-04 14:15:52.870[info] DB connection success
2022-03-04 14:15:52.897[info] Sequelize sync success
2022-03-04 14:15:59.526[info] app start
2022-03-04 14:15:59.780[info] DB connection success
2022-03-04 14:15:59.809[info] Sequelize sync success
2022-03-04 14:16:06.016[info] (post.list.params) {"subnum":"6","post":"로그인","subject":"첫글","userid":"aa","text":"hihihi","comment":"dd"}
2022-03-04 14:16:06.032[debug] (postService.list) {"count":2,"rows":[{"id":22,"subnum":"6","post":"로그인","subject":"첫글","userid":"aa","text":"hihihi","comment":"dd","updatedPwDate":null,"createdAt":"2022-03-04T05:06:40.008Z","updatedAt":"2022-03-04T05:06:40.008Z","deletedAt":null},{"id":21,"subnum":"5","post":"로그인","subject":"첫글","userid":"aa","text":"hihihi","comment":"dd","updatedPwDate":null,"createdAt":"2022-03-04T05:06:36.666Z","updatedAt":"2022-03-04T05:06:36.666Z","deletedAt":null}]}
2022-03-04 14:16:43.105[info] app start
2022-03-04 14:16:43.488[info] DB connection success
2022-03-04 14:16:43.514[info] Sequelize sync success
2022-03-04 14:16:51.413[info] app start
2022-03-04 14:16:51.693[info] DB connection success
2022-03-04 14:16:51.721[info] Sequelize sync success
2022-03-04 14:17:10.223[info] (post.list.params) {"subnum":"6","post":"로그인"}
2022-03-04 14:17:10.360[debug] (postService.list) {"count":2,"rows":[{"id":22,"subnum":"6","post":"로그인","subject":"첫글","userid":"aa","text":"hihihi","comment":"dd","updatedPwDate":null,"createdAt":"2022-03-04T05:06:40.008Z","updatedAt":"2022-03-04T05:06:40.008Z","deletedAt":null},{"id":21,"subnum":"5","post":"로그인","subject":"첫글","userid":"aa","text":"hihihi","comment":"dd","updatedPwDate":null,"createdAt":"2022-03-04T05:06:36.666Z","updatedAt":"2022-03-04T05:06:36.666Z","deletedAt":null}]}
2022-03-04 14:17:12.246[info] (post.list.params) {"subnum":"6","post":"로그인"}
2022-03-04 14:17:12.253[debug] (postService.list) {"count":2,"rows":[{"id":22,"subnum":"6","post":"로그인","subject":"첫글","userid":"aa","text":"hihihi","comment":"dd","updatedPwDate":null,"createdAt":"2022-03-04T05:06:40.008Z","updatedAt":"2022-03-04T05:06:40.008Z","deletedAt":null},{"id":21,"subnum":"5","post":"로그인","subject":"첫글","userid":"aa","text":"hihihi","comment":"dd","updatedPwDate":null,"createdAt":"2022-03-04T05:06:36.666Z","updatedAt":"2022-03-04T05:06:36.666Z","deletedAt":null}]}
2022-03-04 14:17:19.036[info] (post.list.params) {"subnum":"6","post":"로그인"}
2022-03-04 14:17:19.044[debug] (postService.list) {"count":2,"rows":[{"id":22,"subnum":"6","post":"로그인","subject":"첫글","userid":"aa","text":"hihihi","comment":"dd","updatedPwDate":null,"createdAt":"2022-03-04T05:06:40.008Z","updatedAt":"2022-03-04T05:06:40.008Z","deletedAt":null},{"id":21,"subnum":"5","post":"로그인","subject":"첫글","userid":"aa","text":"hihihi","comment":"dd","updatedPwDate":null,"createdAt":"2022-03-04T05:06:36.666Z","updatedAt":"2022-03-04T05:06:36.666Z","deletedAt":null}]}
2022-03-04 14:17:43.511[info] (post.info.params) {"id":"15"}
2022-03-04 14:17:43.584[debug] (postService.info) {"id":15,"subnum":"1","post":"게시판","subject":"첫글","userid":"aa","text":"hihihi","comment":"dd","updatedPwDate":null,"createdAt":"2022-03-04T01:46:41.746Z","updatedAt":"2022-03-04T01:46:41.746Z","deletedAt":null}
2022-03-04 14:17:43.586[info] (post.info.result) {"id":15,"subnum":"1","post":"게시판","subject":"첫글","userid":"aa","text":"hihihi","comment":"dd","updatedPwDate":null,"createdAt":"2022-03-04T01:46:41.746Z","updatedAt":"2022-03-04T01:46:41.746Z","deletedAt":null}
2022-03-04 14:18:40.392[info] app start
2022-03-04 14:18:40.671[info] DB connection success
2022-03-04 14:18:40.698[info] Sequelize sync success
2022-03-04 14:18:50.690[info] (post.list.params) {"subnum":"6","post":"로그인"}
2022-03-04 14:18:50.708[debug] (postService.list) {"count":2,"rows":[{"id":22,"subnum":"6","post":"로그인","subject":"첫글","userid":"aa","text":"hihihi","comment":"dd","updatedPwDate":null,"createdAt":"2022-03-04T05:06:40.008Z","updatedAt":"2022-03-04T05:06:40.008Z","deletedAt":null},{"id":21,"subnum":"5","post":"로그인","subject":"첫글","userid":"aa","text":"hihihi","comment":"dd","updatedPwDate":null,"createdAt":"2022-03-04T05:06:36.666Z","updatedAt":"2022-03-04T05:06:36.666Z","deletedAt":null}]}
2022-03-04 14:18:52.587[info] (post.list.params) {"subnum":"6","post":"로그인"}
2022-03-04 14:18:52.594[debug] (postService.list) {"count":2,"rows":[{"id":22,"subnum":"6","post":"로그인","subject":"첫글","userid":"aa","text":"hihihi","comment":"dd","updatedPwDate":null,"createdAt":"2022-03-04T05:06:40.008Z","updatedAt":"2022-03-04T05:06:40.008Z","deletedAt":null},{"id":21,"subnum":"5","post":"로그인","subject":"첫글","userid":"aa","text":"hihihi","comment":"dd","updatedPwDate":null,"createdAt":"2022-03-04T05:06:36.666Z","updatedAt":"2022-03-04T05:06:36.666Z","deletedAt":null}]}
2022-03-04 14:26:31.313[info] app start
2022-03-04 14:26:31.681[info] DB connection success
2022-03-04 14:26:31.712[info] Sequelize sync success
2022-03-04 14:26:52.152[info] (post.list.params) {"subnum":"6","post":"로그인"}
2022-03-04 14:26:52.246[debug] (postService.list) [{"id":22,"subnum":"6","post":"로그인","subject":"첫글","userid":"aa","text":"hihihi","comment":"dd","updatedPwDate":null,"createdAt":"2022-03-04T05:06:40.008Z","updatedAt":"2022-03-04T05:06:40.008Z","deletedAt":null},{"id":21,"subnum":"5","post":"로그인","subject":"첫글","userid":"aa","text":"hihihi","comment":"dd","updatedPwDate":null,"createdAt":"2022-03-04T05:06:36.666Z","updatedAt":"2022-03-04T05:06:36.666Z","deletedAt":null}]
2022-03-04 14:27:47.378[info] app start
2022-03-04 14:27:47.615[info] DB connection success
2022-03-04 14:27:47.643[info] Sequelize sync success
2022-03-04 14:27:52.314[info] (post.list.params) {"subnum":"6","post":"로그인"}
2022-03-04 14:27:52.335[debug] (postService.list) {"count":2,"rows":[{"id":22,"subnum":"6","post":"로그인","subject":"첫글","userid":"aa","text":"hihihi","comment":"dd","updatedPwDate":null,"createdAt":"2022-03-04T05:06:40.008Z","updatedAt":"2022-03-04T05:06:40.008Z","deletedAt":null},{"id":21,"subnum":"5","post":"로그인","subject":"첫글","userid":"aa","text":"hihihi","comment":"dd","updatedPwDate":null,"createdAt":"2022-03-04T05:06:36.666Z","updatedAt":"2022-03-04T05:06:36.666Z","deletedAt":null}]}
2022-03-04 14:28:35.110[info] (post.list.params) {"subnum":"6","post":"로그인"}
2022-03-04 14:28:35.227[debug] (postService.list) {"count":2,"rows":[{"id":22,"subnum":"6","post":"로그인","subject":"첫글","userid":"aa","text":"hihihi","comment":"dd","updatedPwDate":null,"createdAt":"2022-03-04T05:06:40.008Z","updatedAt":"2022-03-04T05:06:40.008Z","deletedAt":null},{"id":21,"subnum":"5","post":"로그인","subject":"첫글","userid":"aa","text":"hihihi","comment":"dd","updatedPwDate":null,"createdAt":"2022-03-04T05:06:36.666Z","updatedAt":"2022-03-04T05:06:36.666Z","deletedAt":null}]}
2022-03-04 14:28:52.239[info] (post.list.params) {"subnum":"6","post":"로그인"}
2022-03-04 14:28:52.382[debug] (postService.list) {"count":2,"rows":[{"id":22,"subnum":"6","post":"로그인","subject":"첫글","userid":"aa","text":"hihihi","comment":"dd","updatedPwDate":null,"createdAt":"2022-03-04T05:06:40.008Z","updatedAt":"2022-03-04T05:06:40.008Z","deletedAt":null},{"id":21,"subnum":"5","post":"로그인","subject":"첫글","userid":"aa","text":"hihihi","comment":"dd","updatedPwDate":null,"createdAt":"2022-03-04T05:06:36.666Z","updatedAt":"2022-03-04T05:06:36.666Z","deletedAt":null}]}
2022-03-04 14:29:32.128[info] app start
2022-03-04 14:29:32.610[info] DB connection success
2022-03-04 14:29:32.640[info] Sequelize sync success
2022-03-04 14:29:35.939[info] (post.list.params) {"subnum":"6","post":"로그인","subject":"첫글","userid":"aa","text":"hihihi","comment":"dd"}
2022-03-04 14:29:35.960[debug] (postService.list) {"count":2,"rows":[{"id":22,"subnum":"6","post":"로그인","subject":"첫글","userid":"aa","text":"hihihi","comment":"dd","updatedPwDate":null,"createdAt":"2022-03-04T05:06:40.008Z","updatedAt":"2022-03-04T05:06:40.008Z","deletedAt":null},{"id":21,"subnum":"5","post":"로그인","subject":"첫글","userid":"aa","text":"hihihi","comment":"dd","updatedPwDate":null,"createdAt":"2022-03-04T05:06:36.666Z","updatedAt":"2022-03-04T05:06:36.666Z","deletedAt":null}]}
2022-03-04 14:30:41.101[info] (post.list.params) {}
2022-03-04 14:30:41.220[debug] (postService.list) {"count":6,"rows":[{"id":22,"subnum":"6","post":"로그인","subject":"첫글","userid":"aa","text":"hihihi","comment":"dd","updatedPwDate":null,"createdAt":"2022-03-04T05:06:40.008Z","updatedAt":"2022-03-04T05:06:40.008Z","deletedAt":null},{"id":21,"subnum":"5","post":"로그인","subject":"첫글","userid":"aa","text":"hihihi","comment":"dd","updatedPwDate":null,"createdAt":"2022-03-04T05:06:36.666Z","updatedAt":"2022-03-04T05:06:36.666Z","deletedAt":null},{"id":19,"subnum":"4","post":"게시판","subject":"첫글","userid":"aa","text":"hihihi","comment":"dd","updatedPwDate":null,"createdAt":"2022-03-04T05:06:09.265Z","updatedAt":"2022-03-04T05:06:09.265Z","deletedAt":null},{"id":18,"subnum":"3","post":"게시판","subject":"첫글","userid":"aa","text":"hihihi","comment":"dd","updatedPwDate":null,"createdAt":"2022-03-04T05:06:04.848Z","updatedAt":"2022-03-04T05:06:04.848Z","deletedAt":null},{"id":17,"subnum":"2","post":"게시판","subject":"첫글","userid":"aa","text":"hihihi","comment":"dd","updatedPwDate":null,"createdAt":"2022-03-04T05:05:59.963Z","updatedAt":"2022-03-04T05:05:59.963Z","deletedAt":null},{"id":15,"subnum":"1","post":"게시판","subject":"첫글","userid":"aa","text":"hihihi","comment":"dd","updatedPwDate":null,"createdAt":"2022-03-04T01:46:41.746Z","updatedAt":"2022-03-04T01:46:41.746Z","deletedAt":null}]}
2022-03-04 14:36:22.556[info] (post.list.params) {}
2022-03-04 14:36:22.661[debug] (postService.list) {"count":6,"rows":[{"id":22,"subnum":"6","post":"로그인","subject":"첫글","userid":"aa","text":"hihihi","comment":"dd","updatedPwDate":null,"createdAt":"2022-03-04T05:06:40.008Z","updatedAt":"2022-03-04T05:06:40.008Z","deletedAt":null},{"id":21,"subnum":"5","post":"로그인","subject":"첫글","userid":"aa","text":"hihihi","comment":"dd","updatedPwDate":null,"createdAt":"2022-03-04T05:06:36.666Z","updatedAt":"2022-03-04T05:06:36.666Z","deletedAt":null},{"id":19,"subnum":"4","post":"게시판","subject":"첫글","userid":"aa","text":"hihihi","comment":"dd","updatedPwDate":null,"createdAt":"2022-03-04T05:06:09.265Z","updatedAt":"2022-03-04T05:06:09.265Z","deletedAt":null},{"id":18,"subnum":"3","post":"게시판","subject":"첫글","userid":"aa","text":"hihihi","comment":"dd","updatedPwDate":null,"createdAt":"2022-03-04T05:06:04.848Z","updatedAt":"2022-03-04T05:06:04.848Z","deletedAt":null},{"id":17,"subnum":"2","post":"게시판","subject":"첫글","userid":"aa","text":"hihihi","comment":"dd","updatedPwDate":null,"createdAt":"2022-03-04T05:05:59.963Z","updatedAt":"2022-03-04T05:05:59.963Z","deletedAt":null},{"id":15,"subnum":"1","post":"게시판","subject":"첫글","userid":"aa","text":"hihihi","comment":"dd","updatedPwDate":null,"createdAt":"2022-03-04T01:46:41.746Z","updatedAt":"2022-03-04T01:46:41.746Z","deletedAt":null}]}
2022-03-04 14:36:27.567[info] (profile.list.params) {}
2022-03-04 14:36:27.574[error] (profileService.list) SequelizeEagerLoadingError: Profile is not associated to Profile!
2022-03-04 14:36:41.013[info] (profile.list.params) {}
2022-03-04 14:36:41.017[error] (profileService.list) SequelizeEagerLoadingError: Profile is not associated to Profile!
2022-03-04 14:36:52.723[info] (profile.list.params) {"userid":"a","password":"123","name":"aa"}
2022-03-04 14:36:52.727[error] (profileService.list) SequelizeEagerLoadingError: Profile is not associated to Profile!
2022-03-04 14:36:53.623[info] (profile.list.params) {"userid":"a","password":"123","name":"aa"}
2022-03-04 14:36:53.626[error] (profileService.list) SequelizeEagerLoadingError: Profile is not associated to Profile!
2022-03-04 14:41:36.096[info] (post.list.params) {}
2022-03-04 14:41:36.210[debug] (postService.list) {"count":6,"rows":[{"id":22,"subnum":"6","post":"로그인","subject":"첫글","userid":"aa","text":"hihihi","comment":"dd","updatedPwDate":null,"createdAt":"2022-03-04T05:06:40.008Z","updatedAt":"2022-03-04T05:06:40.008Z","deletedAt":null},{"id":21,"subnum":"5","post":"로그인","subject":"첫글","userid":"aa","text":"hihihi","comment":"dd","updatedPwDate":null,"createdAt":"2022-03-04T05:06:36.666Z","updatedAt":"2022-03-04T05:06:36.666Z","deletedAt":null},{"id":19,"subnum":"4","post":"게시판","subject":"첫글","userid":"aa","text":"hihihi","comment":"dd","updatedPwDate":null,"createdAt":"2022-03-04T05:06:09.265Z","updatedAt":"2022-03-04T05:06:09.265Z","deletedAt":null},{"id":18,"subnum":"3","post":"게시판","subject":"첫글","userid":"aa","text":"hihihi","comment":"dd","updatedPwDate":null,"createdAt":"2022-03-04T05:06:04.848Z","updatedAt":"2022-03-04T05:06:04.848Z","deletedAt":null},{"id":17,"subnum":"2","post":"게시판","subject":"첫글","userid":"aa","text":"hihihi","comment":"dd","updatedPwDate":null,"createdAt":"2022-03-04T05:05:59.963Z","updatedAt":"2022-03-04T05:05:59.963Z","deletedAt":null},{"id":15,"subnum":"1","post":"게시판","subject":"첫글","userid":"aa","text":"hihihi","comment":"dd","updatedPwDate":null,"createdAt":"2022-03-04T01:46:41.746Z","updatedAt":"2022-03-04T01:46:41.746Z","deletedAt":null}]}
2022-03-04 14:41:38.940[info] (post.list.params) {}
2022-03-04 14:41:38.949[debug] (postService.list) {"count":6,"rows":[{"id":22,"subnum":"6","post":"로그인","subject":"첫글","userid":"aa","text":"hihihi","comment":"dd","updatedPwDate":null,"createdAt":"2022-03-04T05:06:40.008Z","updatedAt":"2022-03-04T05:06:40.008Z","deletedAt":null},{"id":21,"subnum":"5","post":"로그인","subject":"첫글","userid":"aa","text":"hihihi","comment":"dd","updatedPwDate":null,"createdAt":"2022-03-04T05:06:36.666Z","updatedAt":"2022-03-04T05:06:36.666Z","deletedAt":null},{"id":19,"subnum":"4","post":"게시판","subject":"첫글","userid":"aa","text":"hihihi","comment":"dd","updatedPwDate":null,"createdAt":"2022-03-04T05:06:09.265Z","updatedAt":"2022-03-04T05:06:09.265Z","deletedAt":null},{"id":18,"subnum":"3","post":"게시판","subject":"첫글","userid":"aa","text":"hihihi","comment":"dd","updatedPwDate":null,"createdAt":"2022-03-04T05:06:04.848Z","updatedAt":"2022-03-04T05:06:04.848Z","deletedAt":null},{"id":17,"subnum":"2","post":"게시판","subject":"첫글","userid":"aa","text":"hihihi","comment":"dd","updatedPwDate":null,"createdAt":"2022-03-04T05:05:59.963Z","updatedAt":"2022-03-04T05:05:59.963Z","deletedAt":null},{"id":15,"subnum":"1","post":"게시판","subject":"첫글","userid":"aa","text":"hihihi","comment":"dd","updatedPwDate":null,"createdAt":"2022-03-04T01:46:41.746Z","updatedAt":"2022-03-04T01:46:41.746Z","deletedAt":null}]}
2022-03-04 14:41:39.857[info] (post.list.params) {}
2022-03-04 14:41:39.868[debug] (postService.list) {"count":6,"rows":[{"id":22,"subnum":"6","post":"로그인","subject":"첫글","userid":"aa","text":"hihihi","comment":"dd","updatedPwDate":null,"createdAt":"2022-03-04T05:06:40.008Z","updatedAt":"2022-03-04T05:06:40.008Z","deletedAt":null},{"id":21,"subnum":"5","post":"로그인","subject":"첫글","userid":"aa","text":"hihihi","comment":"dd","updatedPwDate":null,"createdAt":"2022-03-04T05:06:36.666Z","updatedAt":"2022-03-04T05:06:36.666Z","deletedAt":null},{"id":19,"subnum":"4","post":"게시판","subject":"첫글","userid":"aa","text":"hihihi","comment":"dd","updatedPwDate":null,"createdAt":"2022-03-04T05:06:09.265Z","updatedAt":"2022-03-04T05:06:09.265Z","deletedAt":null},{"id":18,"subnum":"3","post":"게시판","subject":"첫글","userid":"aa","text":"hihihi","comment":"dd","updatedPwDate":null,"createdAt":"2022-03-04T05:06:04.848Z","updatedAt":"2022-03-04T05:06:04.848Z","deletedAt":null},{"id":17,"subnum":"2","post":"게시판","subject":"첫글","userid":"aa","text":"hihihi","comment":"dd","updatedPwDate":null,"createdAt":"2022-03-04T05:05:59.963Z","updatedAt":"2022-03-04T05:05:59.963Z","deletedAt":null},{"id":15,"subnum":"1","post":"게시판","subject":"첫글","userid":"aa","text":"hihihi","comment":"dd","updatedPwDate":null,"createdAt":"2022-03-04T01:46:41.746Z","updatedAt":"2022-03-04T01:46:41.746Z","deletedAt":null}]}
2022-03-04 14:42:10.509[info] app start
2022-03-04 14:42:10.819[info] DB connection success
2022-03-04 14:42:10.847[info] Sequelize sync success
2022-03-04 14:42:12.009[info] (post.list.params) {}
2022-03-04 14:42:12.026[debug] (postService.list) {"count":6,"rows":[{"id":22,"subnum":"6","post":"로그인","subject":"첫글","userid":"aa","text":"hihihi","comment":"dd","updatedPwDate":null,"createdAt":"2022-03-04T05:06:40.008Z","updatedAt":"2022-03-04T05:06:40.008Z","deletedAt":null},{"id":21,"subnum":"5","post":"로그인","subject":"첫글","userid":"aa","text":"hihihi","comment":"dd","updatedPwDate":null,"createdAt":"2022-03-04T05:06:36.666Z","updatedAt":"2022-03-04T05:06:36.666Z","deletedAt":null},{"id":19,"subnum":"4","post":"게시판","subject":"첫글","userid":"aa","text":"hihihi","comment":"dd","updatedPwDate":null,"createdAt":"2022-03-04T05:06:09.265Z","updatedAt":"2022-03-04T05:06:09.265Z","deletedAt":null},{"id":18,"subnum":"3","post":"게시판","subject":"첫글","userid":"aa","text":"hihihi","comment":"dd","updatedPwDate":null,"createdAt":"2022-03-04T05:06:04.848Z","updatedAt":"2022-03-04T05:06:04.848Z","deletedAt":null},{"id":17,"subnum":"2","post":"게시판","subject":"첫글","userid":"aa","text":"hihihi","comment":"dd","updatedPwDate":null,"createdAt":"2022-03-04T05:05:59.963Z","updatedAt":"2022-03-04T05:05:59.963Z","deletedAt":null},{"id":15,"subnum":"1","post":"게시판","subject":"첫글","userid":"aa","text":"hihihi","comment":"dd","updatedPwDate":null,"createdAt":"2022-03-04T01:46:41.746Z","updatedAt":"2022-03-04T01:46:41.746Z","deletedAt":null}]}
2022-03-04 14:42:12.033[info] (post.list.result) {"count":6,"rows":[{"id":22,"subnum":"6","post":"로그인","subject":"첫글","userid":"aa","text":"hihihi","comment":"dd","updatedPwDate":null,"createdAt":"2022-03-04T05:06:40.008Z","updatedAt":"2022-03-04T05:06:40.008Z","deletedAt":null},{"id":21,"subnum":"5","post":"로그인","subject":"첫글","userid":"aa","text":"hihihi","comment":"dd","updatedPwDate":null,"createdAt":"2022-03-04T05:06:36.666Z","updatedAt":"2022-03-04T05:06:36.666Z","deletedAt":null},{"id":19,"subnum":"4","post":"게시판","subject":"첫글","userid":"aa","text":"hihihi","comment":"dd","updatedPwDate":null,"createdAt":"2022-03-04T05:06:09.265Z","updatedAt":"2022-03-04T05:06:09.265Z","deletedAt":null},{"id":18,"subnum":"3","post":"게시판","subject":"첫글","userid":"aa","text":"hihihi","comment":"dd","updatedPwDate":null,"createdAt":"2022-03-04T05:06:04.848Z","updatedAt":"2022-03-04T05:06:04.848Z","deletedAt":null},{"id":17,"subnum":"2","post":"게시판","subject":"첫글","userid":"aa","text":"hihihi","comment":"dd","updatedPwDate":null,"createdAt":"2022-03-04T05:05:59.963Z","updatedAt":"2022-03-04T05:05:59.963Z","deletedAt":null},{"id":15,"subnum":"1","post":"게시판","subject":"첫글","userid":"aa","text":"hihihi","comment":"dd","updatedPwDate":null,"createdAt":"2022-03-04T01:46:41.746Z","updatedAt":"2022-03-04T01:46:41.746Z","deletedAt":null}]}
2022-03-04 14:42:44.086[info] (profile.list.params) {"userid":"a","password":"123","name":"aa"}
2022-03-04 14:42:44.094[error] (profileService.list) SequelizeEagerLoadingError: Profile is not associated to Profile!
2022-03-04 14:51:26.467[info] (post.list.params) {}
2022-03-04 14:51:26.647[debug] (postService.list) {"count":6,"rows":[{"id":22,"subnum":"6","post":"로그인","subject":"첫글","userid":"aa","text":"hihihi","comment":"dd","updatedPwDate":null,"createdAt":"2022-03-04T05:06:40.008Z","updatedAt":"2022-03-04T05:06:40.008Z","deletedAt":null},{"id":21,"subnum":"5","post":"로그인","subject":"첫글","userid":"aa","text":"hihihi","comment":"dd","updatedPwDate":null,"createdAt":"2022-03-04T05:06:36.666Z","updatedAt":"2022-03-04T05:06:36.666Z","deletedAt":null},{"id":19,"subnum":"4","post":"게시판","subject":"첫글","userid":"aa","text":"hihihi","comment":"dd","updatedPwDate":null,"createdAt":"2022-03-04T05:06:09.265Z","updatedAt":"2022-03-04T05:06:09.265Z","deletedAt":null},{"id":18,"subnum":"3","post":"게시판","subject":"첫글","userid":"aa","text":"hihihi","comment":"dd","updatedPwDate":null,"createdAt":"2022-03-04T05:06:04.848Z","updatedAt":"2022-03-04T05:06:04.848Z","deletedAt":null},{"id":17,"subnum":"2","post":"게시판","subject":"첫글","userid":"aa","text":"hihihi","comment":"dd","updatedPwDate":null,"createdAt":"2022-03-04T05:05:59.963Z","updatedAt":"2022-03-04T05:05:59.963Z","deletedAt":null},{"id":15,"subnum":"1","post":"게시판","subject":"첫글","userid":"aa","text":"hihihi","comment":"dd","updatedPwDate":null,"createdAt":"2022-03-04T01:46:41.746Z","updatedAt":"2022-03-04T01:46:41.746Z","deletedAt":null}]}
2022-03-04 14:51:26.654[info] (post.list.result) {"count":6,"rows":[{"id":22,"subnum":"6","post":"로그인","subject":"첫글","userid":"aa","text":"hihihi","comment":"dd","updatedPwDate":null,"createdAt":"2022-03-04T05:06:40.008Z","updatedAt":"2022-03-04T05:06:40.008Z","deletedAt":null},{"id":21,"subnum":"5","post":"로그인","subject":"첫글","userid":"aa","text":"hihihi","comment":"dd","updatedPwDate":null,"createdAt":"2022-03-04T05:06:36.666Z","updatedAt":"2022-03-04T05:06:36.666Z","deletedAt":null},{"id":19,"subnum":"4","post":"게시판","subject":"첫글","userid":"aa","text":"hihihi","comment":"dd","updatedPwDate":null,"createdAt":"2022-03-04T05:06:09.265Z","updatedAt":"2022-03-04T05:06:09.265Z","deletedAt":null},{"id":18,"subnum":"3","post":"게시판","subject":"첫글","userid":"aa","text":"hihihi","comment":"dd","updatedPwDate":null,"createdAt":"2022-03-04T05:06:04.848Z","updatedAt":"2022-03-04T05:06:04.848Z","deletedAt":null},{"id":17,"subnum":"2","post":"게시판","subject":"첫글","userid":"aa","text":"hihihi","comment":"dd","updatedPwDate":null,"createdAt":"2022-03-04T05:05:59.963Z","updatedAt":"2022-03-04T05:05:59.963Z","deletedAt":null},{"id":15,"subnum":"1","post":"게시판","subject":"첫글","userid":"aa","text":"hihihi","comment":"dd","updatedPwDate":null,"createdAt":"2022-03-04T01:46:41.746Z","updatedAt":"2022-03-04T01:46:41.746Z","deletedAt":null}]}
2022-03-04 14:51:30.156[info] (profile.list.params) {"userid":"a","password":"123","name":"aa"}
2022-03-04 14:51:30.160[error] (profileService.list) SequelizeEagerLoadingError: Profile is not associated to Profile!
2022-03-04 14:51:33.562[info] (profile.list.params) {}
2022-03-04 14:51:33.564[error] (profileService.list) SequelizeEagerLoadingError: Profile is not associated to Profile!
2022-03-04 15:03:40.912[info] (profile.reg.params) {"userid":"ab","password":"123","name":"aa"}
2022-03-04 15:03:41.115[debug] (profileService.reg) {"id":2,"userid":"ab","name":"aa","mobile":null,"email":null,"updatedAt":"2022-03-04T06:03:40.915Z","createdAt":"2022-03-04T06:03:40.915Z","updatedPwDate":null,"deletedAt":null}
2022-03-04 15:03:41.117[info] (profile.reg.result) {"id":2,"userid":"ab","name":"aa","mobile":null,"email":null,"updatedAt":"2022-03-04T06:03:40.915Z","createdAt":"2022-03-04T06:03:40.915Z","updatedPwDate":null,"deletedAt":null}
2022-03-04 15:03:53.296[info] (profile.list.params) {"userid":"ab","password":"123","name":"aa"}
2022-03-04 15:03:53.300[error] (profileService.list) SequelizeEagerLoadingError: Profile is not associated to Profile!
2022-03-04 15:03:57.855[info] (profile.list.params) {}
2022-03-04 15:03:57.858[error] (profileService.list) SequelizeEagerLoadingError: Profile is not associated to Profile!
2022-03-04 15:08:03.097[info] (profile.list.params) {}
2022-03-04 15:08:03.099[error] (profileService.list) SequelizeEagerLoadingError: Profile is not associated to Profile!
2022-03-04 15:14:03.808[info] app start
2022-03-04 15:14:04.148[info] DB connection success
2022-03-04 15:14:04.185[info] Sequelize sync success
2022-03-04 15:14:05.019[info] app start
2022-03-04 15:14:05.302[info] DB connection success
2022-03-04 15:14:05.331[info] Sequelize sync success
2022-03-04 15:14:06.976[info] (profile.list.params) {}
2022-03-04 15:14:06.983[error] (profileService.list) SequelizeEagerLoadingError: Profile is not associated to Profile!
2022-03-04 15:14:08.149[info] (profile.list.params) {}
2022-03-04 15:14:08.152[error] (profileService.list) SequelizeEagerLoadingError: Profile is not associated to Profile!
2022-03-04 15:15:03.184[info] (profile.list.params) {}
2022-03-04 15:15:03.187[error] (profileService.list) SequelizeEagerLoadingError: Profile is not associated to Profile!
2022-03-04 15:15:06.824[info] (profile.list.params) {}
2022-03-04 15:15:06.827[error] (profileService.list) SequelizeEagerLoadingError: Profile is not associated to Profile!
2022-03-04 15:16:02.528[info] app start
2022-03-04 15:16:02.932[info] DB connection success
2022-03-04 15:16:02.965[info] Sequelize sync success
2022-03-04 15:16:05.948[info] (profile.list.params) {}
2022-03-04 15:16:05.953[error] (profileService.list) SequelizeEagerLoadingError: Profile is not associated to Profile!
2022-03-04 15:19:20.501[info] app start
2022-03-04 15:19:20.767[info] DB connection success
2022-03-04 15:19:20.794[info] Sequelize sync success
2022-03-04 15:19:22.517[info] (profile.list.params) {}
2022-03-04 15:19:22.525[error] (profileService.list) SequelizeEagerLoadingError: Profile is not associated to Profile!
2022-03-04 15:19:23.334[info] (profile.list.params) {}
2022-03-04 15:19:23.337[error] (profileService.list) SequelizeEagerLoadingError: Profile is not associated to Profile!
2022-03-04 15:19:26.679[info] app start
2022-03-04 15:19:26.979[info] DB connection success
2022-03-04 15:19:27.009[info] Sequelize sync success
2022-03-04 15:27:14.179[info] app start
2022-03-04 15:27:14.430[info] DB connection success
2022-03-04 15:27:14.460[info] Sequelize sync success
2022-03-04 15:27:18.103[info] (profile.list.params) {}
2022-03-04 15:27:18.108[error] (profileService.list) SequelizeEagerLoadingError: Profile is not associated to Profile!
2022-03-04 15:29:33.759[info] app start
2022-03-04 15:29:34.028[info] DB connection success
2022-03-04 15:29:34.051[info] Sequelize sync success
2022-03-04 15:29:38.871[info] app start
2022-03-04 15:29:39.236[info] DB connection success
2022-03-04 15:29:39.260[info] Sequelize sync success
2022-03-04 15:29:43.219[info] app start
2022-03-04 15:29:43.492[info] DB connection success
2022-03-04 15:29:43.519[info] Sequelize sync success
2022-03-04 15:29:46.976[info] app start
2022-03-04 15:29:47.226[info] DB connection success
2022-03-04 15:29:47.252[info] Sequelize sync success
2022-03-04 15:29:50.552[info] app start
2022-03-04 15:29:50.910[info] DB connection success
2022-03-04 15:29:50.937[info] Sequelize sync success
2022-03-04 15:29:55.225[info] (profile.list.params) {}
2022-03-04 15:29:55.231[error] (profileService.list) SequelizeEagerLoadingError: Profile is not associated to Profile!
2022-03-04 15:29:57.176[info] (profile.list.params) {}
2022-03-04 15:29:57.180[error] (profileService.list) SequelizeEagerLoadingError: Profile is not associated to Profile!
2022-03-04 15:30:07.759[info] (profile.list.params) {"userid":"ab","password":"123","name":"aa"}
2022-03-04 15:30:07.763[error] (profileService.list) SequelizeEagerLoadingError: Profile is not associated to Profile!
2022-03-04 15:30:10.462[info] (profile.list.params) {"userid":"ab","password":"123","name":"aa"}
2022-03-04 15:30:10.465[error] (profileService.list) SequelizeEagerLoadingError: Profile is not associated to Profile!
2022-03-04 15:44:02.539[info] (profile.list.params) {"userid":"ab","password":"123","name":"aa"}
2022-03-04 15:44:02.544[error] (profileService.list) SequelizeEagerLoadingError: Profile is not associated to Profile!
2022-03-04 15:46:02.310[info] app start
2022-03-04 15:46:02.571[info] DB connection success
2022-03-04 15:46:02.597[info] Sequelize sync success
2022-03-04 15:54:57.841[info] (profile.list.params) {"userid":"ab","password":"123","name":"aa"}
2022-03-04 15:54:57.847[error] (profileService.list) SequelizeEagerLoadingError: Profile is not associated to Profile!
2022-03-04 15:54:59.688[info] (profile.list.params) {"userid":"ab","password":"123","name":"aa"}
2022-03-04 15:54:59.691[error] (profileService.list) SequelizeEagerLoadingError: Profile is not associated to Profile!
2022-03-04 15:55:00.053[info] (profile.list.params) {"userid":"ab","password":"123","name":"aa"}
2022-03-04 15:55:00.056[error] (profileService.list) SequelizeEagerLoadingError: Profile is not associated to Profile!
2022-03-04 15:55:00.812[info] (profile.list.params) {"userid":"ab","password":"123","name":"aa"}
2022-03-04 15:55:00.816[error] (profileService.list) SequelizeEagerLoadingError: Profile is not associated to Profile!
2022-03-04 15:55:01.292[info] (profile.list.params) {"userid":"ab","password":"123","name":"aa"}
2022-03-04 15:55:01.294[error] (profileService.list) SequelizeEagerLoadingError: Profile is not associated to Profile!
2022-03-04 16:07:47.595[info] (profile.list.params) {"userid":"ab","password":"123","name":"aa"}
2022-03-04 16:07:47.598[error] (profileService.list) SequelizeEagerLoadingError: Profile is not associated to Profile!
2022-03-04 16:12:08.415[info] (profile.list.params) {"userid":"ab","password":"123","name":"aa"}
2022-03-04 16:12:08.418[error] (profileService.list) SequelizeEagerLoadingError: Profile is not associated to Profile!
2022-03-04 16:18:03.653[info] (profile.list.params) {"userid":"ab","password":"123","name":"aa"}
2022-03-04 16:18:03.659[error] (profileService.list) SequelizeEagerLoadingError: Profile is not associated to Profile!
2022-03-04 16:21:04.097[info] app start
2022-03-04 16:21:04.491[info] DB connection success
2022-03-04 16:21:04.534[info] Sequelize sync success
2022-03-04 16:21:12.049[info] (profile.list.params) {"userid":"ab","password":"123","name":"aa"}
2022-03-04 16:21:12.056[error] (profileService.list) SequelizeEagerLoadingError: Profile is not associated to Profile!
2022-03-04 16:24:55.117[info] app start
2022-03-04 16:24:55.512[info] DB connection success
2022-03-04 16:24:55.538[info] Sequelize sync success
2022-03-04 16:24:57.041[info] (profile.list.params) {"userid":"ab","password":"123","name":"aa"}
2022-03-04 16:24:57.051[error] (profileService.list) SequelizeEagerLoadingError: Profile is not associated to Profile!
2022-03-04 16:25:03.655[info] (profile.list.params) {"userid":"ab","password":"123","name":"aa"}
2022-03-04 16:25:03.659[error] (profileService.list) SequelizeEagerLoadingError: Profile is not associated to Profile!
2022-03-04 16:26:17.439[info] app start
2022-03-04 16:26:17.703[info] DB connection success
2022-03-04 16:26:17.733[info] Sequelize sync success
2022-03-04 16:26:19.088[info] (profile.list.params) {"userid":"ab","password":"123","name":"aa"}
2022-03-04 16:26:19.097[error] (profileService.list) SequelizeEagerLoadingError: Profile is not associated to Profile!
2022-03-04 16:36:06.611[info] app start
2022-03-04 16:36:06.899[info] DB connection success
2022-03-04 16:36:06.939[info] Sequelize sync success
2022-03-04 16:36:10.027[info] (profile.list.params) {"userid":"ab","password":"123","name":"aa"}
2022-03-04 16:36:10.036[error] (profileService.list) SequelizeEagerLoadingError: Profile is not associated to Profile!
2022-03-04 16:36:11.282[info] (profile.list.params) {"userid":"ab","password":"123","name":"aa"}
2022-03-04 16:36:11.285[error] (profileService.list) SequelizeEagerLoadingError: Profile is not associated to Profile!
2022-03-04 16:36:19.768[info] (profile.list.params) {"userid":"ab","password":"123","name":"aa"}
2022-03-04 16:36:19.772[error] (profileService.list) SequelizeEagerLoadingError: Profile is not associated to Profile!
2022-03-04 16:36:48.698[info] app start
2022-03-04 16:36:49.074[info] DB connection success
2022-03-04 16:36:49.103[info] Sequelize sync success
2022-03-04 16:36:53.606[info] (profile.list.params) {"userid":"ab","password":"123","name":"aa"}
2022-03-04 16:36:53.612[error] (profileService.list) SequelizeEagerLoadingError: Profile is not associated to Profile!
2022-03-04 16:37:29.825[info] app start
2022-03-04 16:37:30.188[info] DB connection success
2022-03-04 16:37:30.217[info] Sequelize sync success
2022-03-04 16:37:32.058[info] (profile.list.params) {"userid":"ab","password":"123","name":"aa"}
2022-03-04 16:37:32.063[error] (profileService.list) SequelizeEagerLoadingError: Profile is not associated to Profile!
2022-03-04 16:37:32.853[info] (profile.list.params) {"userid":"ab","password":"123","name":"aa"}
2022-03-04 16:37:32.858[error] (profileService.list) SequelizeEagerLoadingError: Profile is not associated to Profile!
2022-03-04 16:37:39.127[info] app start
2022-03-04 16:37:39.483[info] DB connection success
2022-03-04 16:37:39.510[info] Sequelize sync success
2022-03-04 16:37:51.685[info] app start
2022-03-04 16:37:51.979[info] DB connection success
2022-03-04 16:37:52.010[info] Sequelize sync success
2022-03-04 16:37:57.078[info] (profile.list.params) {"userid":"ab","password":"123","name":"aa"}
2022-03-04 16:37:57.085[error] (profileService.list) SequelizeEagerLoadingError: Profile is not associated to Profile!
2022-03-04 16:38:44.994[info] (profile.reg.params) {"userid":"ab","password":"123","name":"aa"}
2022-03-04 16:38:45.111[debug] (profileService.reg) {"id":1,"userid":"ab","name":"aa","mobile":null,"email":null,"updatedAt":"2022-03-04T07:38:45.001Z","createdAt":"2022-03-04T07:38:45.001Z","updatedPwDate":null,"deletedAt":null}
2022-03-04 16:38:45.114[info] (profile.reg.result) {"id":1,"userid":"ab","name":"aa","mobile":null,"email":null,"updatedAt":"2022-03-04T07:38:45.001Z","createdAt":"2022-03-04T07:38:45.001Z","updatedPwDate":null,"deletedAt":null}
2022-03-04 16:38:50.152[info] (profile.list.params) {"userid":"ab","password":"123","name":"aa"}
2022-03-04 16:38:50.155[error] (profileService.list) SequelizeEagerLoadingError: Profile is not associated to Profile!
2022-03-04 16:38:59.148[info] (profile.list.params) {}
2022-03-04 16:38:59.152[error] (profileService.list) SequelizeEagerLoadingError: Profile is not associated to Profile!
2022-03-04 16:39:24.493[info] app start
2022-03-04 16:39:24.729[info] DB connection success
2022-03-04 16:39:24.762[info] Sequelize sync success
2022-03-04 16:39:26.593[info] (profile.list.params) {}
2022-03-04 16:39:26.599[error] (profileService.list) SequelizeEagerLoadingError: Profile is not associated to Profile!
2022-03-04 16:39:27.498[info] (profile.list.params) {}
2022-03-04 16:39:27.502[error] (profileService.list) SequelizeEagerLoadingError: Profile is not associated to Profile!
2022-03-04 16:39:52.177[info] app start
2022-03-04 16:39:52.571[info] DB connection success
2022-03-04 16:39:52.609[info] Sequelize sync success
2022-03-04 16:39:53.213[info] (profile.list.params) {}
2022-03-04 16:39:53.231[debug] (profileService.list) {"count":1,"rows":[{"id":1,"userid":"ab","name":"aa","mobile":null,"email":null,"updatedPwDate":null,"createdAt":"2022-03-04T07:38:45.001Z","updatedAt":"2022-03-04T07:38:45.001Z","deletedAt":null}]}
2022-03-04 16:39:53.235[info] (profile.list.result) {"count":1,"rows":[{"id":1,"userid":"ab","name":"aa","mobile":null,"email":null,"updatedPwDate":null,"createdAt":"2022-03-04T07:38:45.001Z","updatedAt":"2022-03-04T07:38:45.001Z","deletedAt":null}]}
2022-03-04 16:40:59.893[info] (profile.list.params) {}
2022-03-04 16:40:59.991[debug] (profileService.list) {"count":1,"rows":[{"id":1,"userid":"ab","name":"aa","mobile":null,"email":null,"updatedPwDate":null,"createdAt":"2022-03-04T07:38:45.001Z","updatedAt":"2022-03-04T07:38:45.001Z","deletedAt":null}]}
2022-03-04 16:40:59.994[info] (profile.list.result) {"count":1,"rows":[{"id":1,"userid":"ab","name":"aa","mobile":null,"email":null,"updatedPwDate":null,"createdAt":"2022-03-04T07:38:45.001Z","updatedAt":"2022-03-04T07:38:45.001Z","deletedAt":null}]}
2022-03-04 17:16:22.857[info] app start
2022-03-04 17:16:23.107[info] DB connection success
2022-03-04 17:16:23.139[info] Sequelize sync success
2022-03-04 17:32:59.010[info] (profile.list.params) {}
2022-03-04 17:32:59.186[debug] (profileService.list) {"count":1,"rows":[{"id":1,"userid":"ab","password":"123","name":"aa","mobile":null,"email":null,"updatedPwDate":null,"createdAt":"2022-03-04T07:38:45.001Z","updatedAt":"2022-03-04T07:38:45.001Z","deletedAt":null}]}
2022-03-04 17:32:59.190[info] (profile.list.result) {"count":1,"rows":[{"id":1,"userid":"ab","password":"123","name":"aa","mobile":null,"email":null,"updatedPwDate":null,"createdAt":"2022-03-04T07:38:45.001Z","updatedAt":"2022-03-04T07:38:45.001Z","deletedAt":null}]}
2022-03-04 17:33:02.839[info] (post.list.params) {}
2022-03-04 17:33:02.854[debug] (postService.list) {"count":6,"rows":[{"id":22,"subnum":"6","post":"로그인","subject":"첫글","userid":"aa","text":"hihihi","comment":"dd","updatedPwDate":null,"createdAt":"2022-03-04T05:06:40.008Z","updatedAt":"2022-03-04T05:06:40.008Z","deletedAt":null},{"id":21,"subnum":"5","post":"로그인","subject":"첫글","userid":"aa","text":"hihihi","comment":"dd","updatedPwDate":null,"createdAt":"2022-03-04T05:06:36.666Z","updatedAt":"2022-03-04T05:06:36.666Z","deletedAt":null},{"id":19,"subnum":"4","post":"게시판","subject":"첫글","userid":"aa","text":"hihihi","comment":"dd","updatedPwDate":null,"createdAt":"2022-03-04T05:06:09.265Z","updatedAt":"2022-03-04T05:06:09.265Z","deletedAt":null},{"id":18,"subnum":"3","post":"게시판","subject":"첫글","userid":"aa","text":"hihihi","comment":"dd","updatedPwDate":null,"createdAt":"2022-03-04T05:06:04.848Z","updatedAt":"2022-03-04T05:06:04.848Z","deletedAt":null},{"id":17,"subnum":"2","post":"게시판","subject":"첫글","userid":"aa","text":"hihihi","comment":"dd","updatedPwDate":null,"createdAt":"2022-03-04T05:05:59.963Z","updatedAt":"2022-03-04T05:05:59.963Z","deletedAt":null},{"id":15,"subnum":"1","post":"게시판","subject":"첫글","userid":"aa","text":"hihihi","comment":"dd","updatedPwDate":null,"createdAt":"2022-03-04T01:46:41.746Z","updatedAt":"2022-03-04T01:46:41.746Z","deletedAt":null}]}
2022-03-04 17:33:02.862[info] (post.list.result) {"count":6,"rows":[{"id":22,"subnum":"6","post":"로그인","subject":"첫글","userid":"aa","text":"hihihi","comment":"dd","updatedPwDate":null,"createdAt":"2022-03-04T05:06:40.008Z","updatedAt":"2022-03-04T05:06:40.008Z","deletedAt":null},{"id":21,"subnum":"5","post":"로그인","subject":"첫글","userid":"aa","text":"hihihi","comment":"dd","updatedPwDate":null,"createdAt":"2022-03-04T05:06:36.666Z","updatedAt":"2022-03-04T05:06:36.666Z","deletedAt":null},{"id":19,"subnum":"4","post":"게시판","subject":"첫글","userid":"aa","text":"hihihi","comment":"dd","updatedPwDate":null,"createdAt":"2022-03-04T05:06:09.265Z","updatedAt":"2022-03-04T05:06:09.265Z","deletedAt":null},{"id":18,"subnum":"3","post":"게시판","subject":"첫글","userid":"aa","text":"hihihi","comment":"dd","updatedPwDate":null,"createdAt":"2022-03-04T05:06:04.848Z","updatedAt":"2022-03-04T05:06:04.848Z","deletedAt":null},{"id":17,"subnum":"2","post":"게시판","subject":"첫글","userid":"aa","text":"hihihi","comment":"dd","updatedPwDate":null,"createdAt":"2022-03-04T05:05:59.963Z","updatedAt":"2022-03-04T05:05:59.963Z","deletedAt":null},{"id":15,"subnum":"1","post":"게시판","subject":"첫글","userid":"aa","text":"hihihi","comment":"dd","updatedPwDate":null,"createdAt":"2022-03-04T01:46:41.746Z","updatedAt":"2022-03-04T01:46:41.746Z","deletedAt":null}]}
2022-03-04 18:49:38.302[info] app start
2022-03-04 18:49:38.581[info] DB connection success
2022-03-04 18:49:38.606[info] Sequelize sync success
2022-03-04 18:49:44.009[info] app start
2022-03-04 18:49:44.301[info] DB connection success
2022-03-04 18:49:44.336[info] Sequelize sync success
2022-03-04 18:49:49.351[info] app start
2022-03-04 18:49:49.728[info] DB connection success
2022-03-04 18:49:49.769[info] Sequelize sync success
2022-03-04 18:49:58.287[info] app start
2022-03-04 18:49:58.564[info] DB connection success
2022-03-04 18:49:58.597[info] Sequelize sync success
2022-03-04 18:50:52.019[info] app start
2022-03-04 18:50:52.322[info] DB connection success
2022-03-04 18:50:52.353[info] Sequelize sync success
2022-03-04 18:51:41.151[info] app start
2022-03-04 18:51:41.533[info] DB connection success
2022-03-04 18:51:41.562[info] Sequelize sync success
2022-03-04 18:52:37.877[info] app start
2022-03-04 18:52:38.127[info] DB connection success
2022-03-04 18:52:38.158[info] Sequelize sync success
2022-03-04 18:53:35.691[info] app start
2022-03-04 18:53:35.996[info] DB connection success
2022-03-04 18:53:36.030[info] Sequelize sync success
2022-03-04 18:55:32.432[info] app start
2022-03-04 18:55:32.674[info] DB connection success
2022-03-04 18:55:32.702[info] Sequelize sync success
2022-03-04 19:00:14.329[info] app start
2022-03-04 19:00:14.590[info] DB connection success
2022-03-04 19:00:14.618[info] Sequelize sync success
2022-03-04 19:01:16.337[info] app start
2022-03-04 19:01:16.578[info] DB connection success
2022-03-04 19:01:16.605[info] Sequelize sync success
2022-03-04 19:01:55.821[info] app start
2022-03-04 19:01:56.048[info] DB connection success
2022-03-04 19:01:56.080[info] Sequelize sync success
2022-03-04 19:16:40.476[info] app start
2022-03-04 19:16:40.785[info] DB connection success
2022-03-04 19:16:40.822[info] Sequelize sync success
2022-03-04 19:22:00.439[info] app start
2022-03-04 19:22:00.674[info] DB connection success
2022-03-04 19:22:00.703[info] Sequelize sync success
2022-03-04 19:22:07.642[info] app start
2022-03-04 19:22:07.922[info] DB connection success
2022-03-04 19:22:07.955[info] Sequelize sync success
2022-03-04 19:25:26.333[info] app start
2022-03-04 19:25:26.562[info] DB connection success
2022-03-04 19:25:26.588[info] Sequelize sync success
2022-03-04 19:27:48.914[info] app start
2022-03-04 19:27:49.199[info] DB connection success
2022-03-04 19:27:49.229[info] Sequelize sync success
2022-03-04 19:27:51.084[info] app start
2022-03-04 19:27:51.307[info] DB connection success
2022-03-04 19:27:51.335[info] Sequelize sync success
2022-03-04 19:28:25.600[info] app start
2022-03-04 19:28:25.862[info] DB connection success
2022-03-04 19:28:25.888[info] Sequelize sync success
